mode: set
github.com/venicegeo/pzsvc-image-catalog/catalog/catalog.go:53.43,55.2 1 1
github.com/venicegeo/pzsvc-image-catalog/catalog/catalog.go:67.24,71.2 3 1
github.com/venicegeo/pzsvc-image-catalog/catalog/catalog.go:74.97,84.18 2 1
github.com/venicegeo/pzsvc-image-catalog/catalog/catalog.go:87.2,87.21 1 1
github.com/venicegeo/pzsvc-image-catalog/catalog/catalog.go:91.2,96.68 4 1
github.com/venicegeo/pzsvc-image-catalog/catalog/catalog.go:106.2,107.16 2 1
github.com/venicegeo/pzsvc-image-catalog/catalog/catalog.go:114.2,114.109 1 1
github.com/venicegeo/pzsvc-image-catalog/catalog/catalog.go:148.2,149.30 2 0
github.com/venicegeo/pzsvc-image-catalog/catalog/catalog.go:84.18,86.3 1 1
github.com/venicegeo/pzsvc-image-catalog/catalog/catalog.go:87.21,89.3 1 1
github.com/venicegeo/pzsvc-image-catalog/catalog/catalog.go:96.68,97.25 1 1
github.com/venicegeo/pzsvc-image-catalog/catalog/catalog.go:97.25,99.4 1 0
github.com/venicegeo/pzsvc-image-catalog/catalog/catalog.go:100.3,103.3 2 0
github.com/venicegeo/pzsvc-image-catalog/catalog/catalog.go:107.16,109.16 2 1
github.com/venicegeo/pzsvc-image-catalog/catalog/catalog.go:109.16,111.4 1 0
github.com/venicegeo/pzsvc-image-catalog/catalog/catalog.go:114.109,118.34 2 1
github.com/venicegeo/pzsvc-image-catalog/catalog/catalog.go:138.3,145.33 8 1
github.com/venicegeo/pzsvc-image-catalog/catalog/catalog.go:118.34,119.18 1 1
github.com/venicegeo/pzsvc-image-catalog/catalog/catalog.go:123.4,123.43 1 1
github.com/venicegeo/pzsvc-image-catalog/catalog/catalog.go:119.18,121.13 1 1
github.com/venicegeo/pzsvc-image-catalog/catalog/catalog.go:123.43,126.5 2 1
github.com/venicegeo/pzsvc-image-catalog/catalog/catalog.go:126.5,127.41 1 0
github.com/venicegeo/pzsvc-image-catalog/catalog/catalog.go:127.41,130.14 3 0
github.com/venicegeo/pzsvc-image-catalog/catalog/catalog.go:131.6,134.6 2 0
github.com/venicegeo/pzsvc-image-catalog/catalog/catalog.go:154.58,158.2 2 1
github.com/venicegeo/pzsvc-image-catalog/catalog/catalog.go:160.66,166.26 6 1
github.com/venicegeo/pzsvc-image-catalog/catalog/catalog.go:185.2,185.17 1 1
github.com/venicegeo/pzsvc-image-catalog/catalog/catalog.go:166.26,170.3 2 0
github.com/venicegeo/pzsvc-image-catalog/catalog/catalog.go:170.3,170.46 1 1
github.com/venicegeo/pzsvc-image-catalog/catalog/catalog.go:170.46,173.3 1 1
github.com/venicegeo/pzsvc-image-catalog/catalog/catalog.go:173.3,178.23 5 1
github.com/venicegeo/pzsvc-image-catalog/catalog/catalog.go:178.23,181.4 2 0
github.com/venicegeo/pzsvc-image-catalog/catalog/catalog.go:181.4,181.32 1 1
github.com/venicegeo/pzsvc-image-catalog/catalog/catalog.go:181.32,183.4 1 0
github.com/venicegeo/pzsvc-image-catalog/catalog/catalog.go:189.98,203.42 2 1
github.com/venicegeo/pzsvc-image-catalog/catalog/catalog.go:207.2,207.84 1 1
github.com/venicegeo/pzsvc-image-catalog/catalog/catalog.go:213.2,213.93 1 1
github.com/venicegeo/pzsvc-image-catalog/catalog/catalog.go:219.2,219.66 1 1
github.com/venicegeo/pzsvc-image-catalog/catalog/catalog.go:225.2,225.55 1 1
github.com/venicegeo/pzsvc-image-catalog/catalog/catalog.go:245.2,245.37 1 1
github.com/venicegeo/pzsvc-image-catalog/catalog/catalog.go:270.2,276.35 6 1
github.com/venicegeo/pzsvc-image-catalog/catalog/catalog.go:203.42,205.3 1 0
github.com/venicegeo/pzsvc-image-catalog/catalog/catalog.go:207.84,208.80 1 0
github.com/venicegeo/pzsvc-image-catalog/catalog/catalog.go:208.80,210.4 1 0
github.com/venicegeo/pzsvc-image-catalog/catalog/catalog.go:213.93,214.86 1 0
github.com/venicegeo/pzsvc-image-catalog/catalog/catalog.go:214.86,216.4 1 0
github.com/venicegeo/pzsvc-image-catalog/catalog/catalog.go:219.66,221.3 1 1
github.com/venicegeo/pzsvc-image-catalog/catalog/catalog.go:221.3,223.3 1 0
github.com/venicegeo/pzsvc-image-catalog/catalog/catalog.go:225.55,228.67 2 1
github.com/venicegeo/pzsvc-image-catalog/catalog/catalog.go:228.67,230.4 1 0
github.com/venicegeo/pzsvc-image-catalog/catalog/catalog.go:231.3,234.31 2 0
github.com/venicegeo/pzsvc-image-catalog/catalog/catalog.go:237.3,240.72 4 0
github.com/venicegeo/pzsvc-image-catalog/catalog/catalog.go:234.31,236.4 1 0
github.com/venicegeo/pzsvc-image-catalog/catalog/catalog.go:240.72,242.4 1 0
github.com/venicegeo/pzsvc-image-catalog/catalog/catalog.go:245.37,247.42 1 1
github.com/venicegeo/pzsvc-image-catalog/catalog/catalog.go:247.42,248.49 1 1
github.com/venicegeo/pzsvc-image-catalog/catalog/catalog.go:257.4,257.76 1 1
github.com/venicegeo/pzsvc-image-catalog/catalog/catalog.go:248.49,249.44 1 0
github.com/venicegeo/pzsvc-image-catalog/catalog/catalog.go:249.44,252.14 3 0
github.com/venicegeo/pzsvc-image-catalog/catalog/catalog.go:253.6,255.6 1 0
github.com/venicegeo/pzsvc-image-catalog/catalog/catalog.go:257.76,258.58 1 1
github.com/venicegeo/pzsvc-image-catalog/catalog/catalog.go:258.58,260.63 2 1
github.com/venicegeo/pzsvc-image-catalog/catalog/catalog.go:260.63,261.12 1 0
github.com/venicegeo/pzsvc-image-catalog/catalog/catalog.go:264.5,266.5 1 0
github.com/venicegeo/pzsvc-image-catalog/catalog/catalog.go:281.62,297.84 3 1
github.com/venicegeo/pzsvc-image-catalog/catalog/catalog.go:303.2,303.93 1 1
github.com/venicegeo/pzsvc-image-catalog/catalog/catalog.go:309.2,309.66 1 1
github.com/venicegeo/pzsvc-image-catalog/catalog/catalog.go:315.2,315.55 1 1
github.com/venicegeo/pzsvc-image-catalog/catalog/catalog.go:333.2,333.37 1 1
github.com/venicegeo/pzsvc-image-catalog/catalog/catalog.go:359.2,361.59 3 1
github.com/venicegeo/pzsvc-image-catalog/catalog/catalog.go:365.2,366.68 2 1
github.com/venicegeo/pzsvc-image-catalog/catalog/catalog.go:297.84,298.80 1 0
github.com/venicegeo/pzsvc-image-catalog/catalog/catalog.go:298.80,300.4 1 0
github.com/venicegeo/pzsvc-image-catalog/catalog/catalog.go:303.93,304.86 1 0
github.com/venicegeo/pzsvc-image-catalog/catalog/catalog.go:304.86,306.4 1 0
github.com/venicegeo/pzsvc-image-catalog/catalog/catalog.go:309.66,311.3 1 1
github.com/venicegeo/pzsvc-image-catalog/catalog/catalog.go:311.3,313.3 1 0
github.com/venicegeo/pzsvc-image-catalog/catalog/catalog.go:315.55,317.67 1 1
github.com/venicegeo/pzsvc-image-catalog/catalog/catalog.go:317.67,319.4 1 0
github.com/venicegeo/pzsvc-image-catalog/catalog/catalog.go:320.3,323.31 2 0
github.com/venicegeo/pzsvc-image-catalog/catalog/catalog.go:326.3,328.72 3 0
github.com/venicegeo/pzsvc-image-catalog/catalog/catalog.go:323.31,325.4 1 0
github.com/venicegeo/pzsvc-image-catalog/catalog/catalog.go:328.72,330.4 1 0
github.com/venicegeo/pzsvc-image-catalog/catalog/catalog.go:333.37,334.42 1 1
github.com/venicegeo/pzsvc-image-catalog/catalog/catalog.go:334.42,336.33 1 1
github.com/venicegeo/pzsvc-image-catalog/catalog/catalog.go:344.4,346.61 3 1
github.com/venicegeo/pzsvc-image-catalog/catalog/catalog.go:349.4,351.29 2 1
github.com/venicegeo/pzsvc-image-catalog/catalog/catalog.go:336.33,338.74 2 0
github.com/venicegeo/pzsvc-image-catalog/catalog/catalog.go:338.74,339.49 1 0
github.com/venicegeo/pzsvc-image-catalog/catalog/catalog.go:339.49,340.15 1 0
github.com/venicegeo/pzsvc-image-catalog/catalog/catalog.go:346.61,348.5 1 0
github.com/venicegeo/pzsvc-image-catalog/catalog/catalog.go:351.29,352.10 1 0
github.com/venicegeo/pzsvc-image-catalog/catalog/catalog.go:361.59,363.3 1 0
github.com/venicegeo/pzsvc-image-catalog/catalog/catalog.go:366.68,368.3 1 0
github.com/venicegeo/pzsvc-image-catalog/catalog/catalog.go:372.69,376.17 2 1
github.com/venicegeo/pzsvc-image-catalog/catalog/catalog.go:380.2,381.23 2 1
github.com/venicegeo/pzsvc-image-catalog/catalog/catalog.go:408.2,408.13 1 1
github.com/venicegeo/pzsvc-image-catalog/catalog/catalog.go:376.17,378.3 1 0
github.com/venicegeo/pzsvc-image-catalog/catalog/catalog.go:381.23,388.24 4 1
github.com/venicegeo/pzsvc-image-catalog/catalog/catalog.go:397.3,397.25 1 1
github.com/venicegeo/pzsvc-image-catalog/catalog/catalog.go:388.24,391.64 3 0
github.com/venicegeo/pzsvc-image-catalog/catalog/catalog.go:391.64,392.38 1 0
github.com/venicegeo/pzsvc-image-catalog/catalog/catalog.go:392.38,394.6 1 0
github.com/venicegeo/pzsvc-image-catalog/catalog/catalog.go:397.25,398.69 1 0
github.com/venicegeo/pzsvc-image-catalog/catalog/catalog.go:403.4,403.57 1 0
github.com/venicegeo/pzsvc-image-catalog/catalog/catalog.go:398.69,401.5 2 0
github.com/venicegeo/pzsvc-image-catalog/catalog/catalog.go:403.57,405.5 1 0
github.com/venicegeo/pzsvc-image-catalog/catalog/catalog.go:414.73,415.17 1 1
github.com/venicegeo/pzsvc-image-catalog/catalog/catalog.go:419.2,419.14 1 1
github.com/venicegeo/pzsvc-image-catalog/catalog/catalog.go:440.2,442.73 3 1
github.com/venicegeo/pzsvc-image-catalog/catalog/catalog.go:446.2,448.126 3 1
github.com/venicegeo/pzsvc-image-catalog/catalog/catalog.go:454.2,455.24 2 1
github.com/venicegeo/pzsvc-image-catalog/catalog/catalog.go:466.2,466.13 1 1
github.com/venicegeo/pzsvc-image-catalog/catalog/catalog.go:415.17,417.3 1 0
github.com/venicegeo/pzsvc-image-catalog/catalog/catalog.go:419.14,425.77 2 0
github.com/venicegeo/pzsvc-image-catalog/catalog/catalog.go:429.3,429.81 1 0
github.com/venicegeo/pzsvc-image-catalog/catalog/catalog.go:433.3,433.72 1 0
github.com/venicegeo/pzsvc-image-catalog/catalog/catalog.go:425.77,428.4 2 0
github.com/venicegeo/pzsvc-image-catalog/catalog/catalog.go:429.81,432.4 2 0
github.com/venicegeo/pzsvc-image-catalog/catalog/catalog.go:433.72,436.4 2 0
github.com/venicegeo/pzsvc-image-catalog/catalog/catalog.go:436.4,436.25 1 0
github.com/venicegeo/pzsvc-image-catalog/catalog/catalog.go:436.25,438.4 1 0
github.com/venicegeo/pzsvc-image-catalog/catalog/catalog.go:442.73,444.3 1 0
github.com/venicegeo/pzsvc-image-catalog/catalog/catalog.go:448.126,449.46 1 0
github.com/venicegeo/pzsvc-image-catalog/catalog/catalog.go:449.46,451.4 1 0
github.com/venicegeo/pzsvc-image-catalog/catalog/catalog.go:455.24,456.51 1 0
github.com/venicegeo/pzsvc-image-catalog/catalog/catalog.go:456.51,458.39 2 0
github.com/venicegeo/pzsvc-image-catalog/catalog/catalog.go:458.39,459.39 1 0
github.com/venicegeo/pzsvc-image-catalog/catalog/catalog.go:459.39,461.6 1 0
github.com/venicegeo/pzsvc-image-catalog/catalog/catalog.go:470.60,474.54 4 0
github.com/venicegeo/pzsvc-image-catalog/catalog/catalog.go:491.2,492.57 2 0
github.com/venicegeo/pzsvc-image-catalog/catalog/catalog.go:474.54,479.44 3 0
github.com/venicegeo/pzsvc-image-catalog/catalog/catalog.go:482.3,482.25 1 0
github.com/venicegeo/pzsvc-image-catalog/catalog/catalog.go:489.3,489.66 1 0
github.com/venicegeo/pzsvc-image-catalog/catalog/catalog.go:479.44,481.4 1 0
github.com/venicegeo/pzsvc-image-catalog/catalog/catalog.go:482.25,485.22 2 0
github.com/venicegeo/pzsvc-image-catalog/catalog/catalog.go:485.22,487.5 1 0
github.com/venicegeo/pzsvc-image-catalog/catalog/catalog.go:495.50,497.2 1 1
github.com/venicegeo/pzsvc-image-catalog/catalog/catalog.go:501.77,508.49 4 1
github.com/venicegeo/pzsvc-image-catalog/catalog/catalog.go:512.2,512.27 1 1
github.com/venicegeo/pzsvc-image-catalog/catalog/catalog.go:522.2,542.17 4 1
github.com/venicegeo/pzsvc-image-catalog/catalog/catalog.go:508.49,510.3 1 0
github.com/venicegeo/pzsvc-image-catalog/catalog/catalog.go:512.27,515.16 2 0
github.com/venicegeo/pzsvc-image-catalog/catalog/catalog.go:515.16,517.4 1 0
github.com/venicegeo/pzsvc-image-catalog/catalog/catalog.go:517.4,519.4 1 0
github.com/venicegeo/pzsvc-image-catalog/catalog/catalog.go:546.52,550.83 4 0
github.com/venicegeo/pzsvc-image-catalog/catalog/catalog.go:557.2,560.17 3 0
github.com/venicegeo/pzsvc-image-catalog/catalog/catalog.go:550.83,551.38 1 0
github.com/venicegeo/pzsvc-image-catalog/catalog/catalog.go:551.38,553.4 1 0
github.com/venicegeo/pzsvc-image-catalog/catalog/catalog.go:554.3,556.3 1 0
github.com/venicegeo/pzsvc-image-catalog/catalog/catalog.go:565.80,570.53 2 0
github.com/venicegeo/pzsvc-image-catalog/catalog/catalog.go:580.2,580.12 1 0
github.com/venicegeo/pzsvc-image-catalog/catalog/catalog.go:570.53,571.41 1 0
github.com/venicegeo/pzsvc-image-catalog/catalog/catalog.go:574.3,574.55 1 0
github.com/venicegeo/pzsvc-image-catalog/catalog/catalog.go:571.41,573.4 1 0
github.com/venicegeo/pzsvc-image-catalog/catalog/catalog.go:574.55,576.4 1 0
github.com/venicegeo/pzsvc-image-catalog/catalog/catalog.go:577.3,579.3 1 0
github.com/venicegeo/pzsvc-image-catalog/catalog/catalog.go:583.55,586.74 3 1
github.com/venicegeo/pzsvc-image-catalog/catalog/catalog.go:589.2,589.14 1 1
github.com/venicegeo/pzsvc-image-catalog/catalog/catalog.go:586.74,588.3 1 0
github.com/venicegeo/pzsvc-image-catalog/catalog/catalog.go:594.22,605.84 5 1
github.com/venicegeo/pzsvc-image-catalog/catalog/catalog.go:614.2,615.64 2 1
github.com/venicegeo/pzsvc-image-catalog/catalog/catalog.go:623.2,626.74 2 1
github.com/venicegeo/pzsvc-image-catalog/catalog/catalog.go:634.2,635.14 2 1
github.com/venicegeo/pzsvc-image-catalog/catalog/catalog.go:605.84,608.38 3 1
github.com/venicegeo/pzsvc-image-catalog/catalog/catalog.go:608.38,610.4 1 1
github.com/venicegeo/pzsvc-image-catalog/catalog/catalog.go:615.64,618.38 3 1
github.com/venicegeo/pzsvc-image-catalog/catalog/catalog.go:621.3,621.23 1 1
github.com/venicegeo/pzsvc-image-catalog/catalog/catalog.go:618.38,620.4 1 0
github.com/venicegeo/pzsvc-image-catalog/catalog/catalog.go:626.74,629.38 3 1
github.com/venicegeo/pzsvc-image-catalog/catalog/catalog.go:632.3,632.33 1 1
github.com/venicegeo/pzsvc-image-catalog/catalog/catalog.go:629.38,631.4 1 0
github.com/venicegeo/pzsvc-image-catalog/catalog/catalog.go:639.61,644.53 2 0
github.com/venicegeo/pzsvc-image-catalog/catalog/catalog.go:647.2,647.46 1 0
github.com/venicegeo/pzsvc-image-catalog/catalog/catalog.go:644.53,646.3 1 0
github.com/venicegeo/pzsvc-image-catalog/catalog/catalog.go:651.94,661.77 2 0
github.com/venicegeo/pzsvc-image-catalog/catalog/catalog.go:683.2,683.8 1 0
github.com/venicegeo/pzsvc-image-catalog/catalog/catalog.go:686.2,686.90 1 0
github.com/venicegeo/pzsvc-image-catalog/catalog/catalog.go:661.77,662.38 1 0
github.com/venicegeo/pzsvc-image-catalog/catalog/catalog.go:662.38,663.43 1 0
github.com/venicegeo/pzsvc-image-catalog/catalog/catalog.go:663.43,666.50 1 0
github.com/venicegeo/pzsvc-image-catalog/catalog/catalog.go:679.5,679.27 1 0
github.com/venicegeo/pzsvc-image-catalog/catalog/catalog.go:666.50,667.76 1 0
github.com/venicegeo/pzsvc-image-catalog/catalog/catalog.go:667.76,669.7 1 0
github.com/venicegeo/pzsvc-image-catalog/catalog/catalog.go:670.6,672.75 2 0
github.com/venicegeo/pzsvc-image-catalog/catalog/catalog.go:675.6,675.68 1 0
github.com/venicegeo/pzsvc-image-catalog/catalog/catalog.go:672.75,674.7 1 0
github.com/venicegeo/pzsvc-image-catalog/catalog/catalog.go:675.68,677.7 1 0
github.com/venicegeo/pzsvc-image-catalog/catalog/catalog.go:683.8,685.3 1 0
github.com/venicegeo/pzsvc-image-catalog/catalog/harvest.go:70.95,76.46 4 0
github.com/venicegeo/pzsvc-image-catalog/catalog/harvest.go:84.2,91.21 7 0
github.com/venicegeo/pzsvc-image-catalog/catalog/harvest.go:94.2,94.12 1 0
github.com/venicegeo/pzsvc-image-catalog/catalog/harvest.go:76.46,81.3 4 0
github.com/venicegeo/pzsvc-image-catalog/catalog/harvest.go:81.3,83.3 1 0
github.com/venicegeo/pzsvc-image-catalog/catalog/harvest.go:91.21,93.3 1 0
github.com/venicegeo/pzsvc-image-catalog/catalog/harvest.go:99.52,100.57 1 1
github.com/venicegeo/pzsvc-image-catalog/catalog/harvest.go:103.2,103.36 1 1
github.com/venicegeo/pzsvc-image-catalog/catalog/harvest.go:107.2,107.41 1 1
github.com/venicegeo/pzsvc-image-catalog/catalog/harvest.go:100.57,102.3 1 0
github.com/venicegeo/pzsvc-image-catalog/catalog/harvest.go:103.36,106.3 2 1
github.com/venicegeo/pzsvc-image-catalog/catalog/harvest.go:112.51,117.23 2 1
github.com/venicegeo/pzsvc-image-catalog/catalog/harvest.go:135.2,135.12 1 1
github.com/venicegeo/pzsvc-image-catalog/catalog/harvest.go:117.23,118.24 1 1
github.com/venicegeo/pzsvc-image-catalog/catalog/harvest.go:131.3,131.65 1 1
github.com/venicegeo/pzsvc-image-catalog/catalog/harvest.go:118.24,119.23 1 1
github.com/venicegeo/pzsvc-image-catalog/catalog/harvest.go:119.23,121.5 1 1
github.com/venicegeo/pzsvc-image-catalog/catalog/harvest.go:121.5,122.73 1 1
github.com/venicegeo/pzsvc-image-catalog/catalog/harvest.go:122.73,124.6 1 0
github.com/venicegeo/pzsvc-image-catalog/catalog/harvest.go:126.4,130.4 3 1
github.com/venicegeo/pzsvc-image-catalog/catalog/harvest.go:131.65,133.4 1 0
github.com/venicegeo/pzsvc-image-catalog/catalog/harvest.go:138.79,145.73 2 1
github.com/venicegeo/pzsvc-image-catalog/catalog/harvest.go:150.2,150.98 1 1
github.com/venicegeo/pzsvc-image-catalog/catalog/harvest.go:153.2,153.92 1 1
github.com/venicegeo/pzsvc-image-catalog/catalog/harvest.go:156.2,156.13 1 1
github.com/venicegeo/pzsvc-image-catalog/catalog/harvest.go:145.73,148.3 2 0
github.com/venicegeo/pzsvc-image-catalog/catalog/harvest.go:150.98,152.3 1 1
github.com/venicegeo/pzsvc-image-catalog/catalog/harvest.go:153.92,155.3 1 1
github.com/venicegeo/pzsvc-image-catalog/catalog/harvest.go:160.40,162.56 2 0
github.com/venicegeo/pzsvc-image-catalog/catalog/harvest.go:165.2,167.12 3 0
github.com/venicegeo/pzsvc-image-catalog/catalog/harvest.go:162.56,164.3 1 0
github.com/venicegeo/pzsvc-image-catalog/catalog/harvest.go:171.63,175.57 4 0
github.com/venicegeo/pzsvc-image-catalog/catalog/harvest.go:178.2,179.17 2 0
github.com/venicegeo/pzsvc-image-catalog/catalog/harvest.go:175.57,177.3 1 0
github.com/venicegeo/pzsvc-image-catalog/catalog/harvest.go:182.34,191.2 3 1
github.com/venicegeo/pzsvc-image-catalog/catalog/harvest.go:193.86,201.35 2 1
github.com/venicegeo/pzsvc-image-catalog/catalog/harvest.go:211.2,211.48 1 1
github.com/venicegeo/pzsvc-image-catalog/catalog/harvest.go:201.35,206.71 5 1
github.com/venicegeo/pzsvc-image-catalog/catalog/harvest.go:209.3,209.68 1 1
github.com/venicegeo/pzsvc-image-catalog/catalog/harvest.go:206.71,208.4 1 0
github.com/venicegeo/pzsvc-image-catalog/catalog/harvest.go:214.85,217.32 2 1
github.com/venicegeo/pzsvc-image-catalog/catalog/harvest.go:248.2,248.15 1 1
github.com/venicegeo/pzsvc-image-catalog/catalog/harvest.go:217.32,221.16 4 1
github.com/venicegeo/pzsvc-image-catalog/catalog/harvest.go:226.3,226.19 1 1
github.com/venicegeo/pzsvc-image-catalog/catalog/harvest.go:221.16,222.32 1 1
github.com/venicegeo/pzsvc-image-catalog/catalog/harvest.go:222.32,224.5 1 0
github.com/venicegeo/pzsvc-image-catalog/catalog/harvest.go:227.3,227.10 0 1
github.com/venicegeo/pzsvc-image-catalog/catalog/harvest.go:230.3,231.24 1 1
github.com/venicegeo/pzsvc-image-catalog/catalog/harvest.go:233.3,234.91 1 1
github.com/venicegeo/pzsvc-image-catalog/catalog/harvest.go:234.91,235.57 1 1
github.com/venicegeo/pzsvc-image-catalog/catalog/harvest.go:235.57,238.6 1 1
github.com/venicegeo/pzsvc-image-catalog/catalog/harvest.go:238.6,240.14 2 0
github.com/venicegeo/pzsvc-image-catalog/catalog/harvest.go:242.5,244.13 2 0
github.com/venicegeo/pzsvc-image-catalog/catalog/harvest.go:252.72,257.34 2 1
github.com/venicegeo/pzsvc-image-catalog/catalog/harvest.go:266.2,266.19 1 1
github.com/venicegeo/pzsvc-image-catalog/catalog/harvest.go:257.34,258.59 1 1
github.com/venicegeo/pzsvc-image-catalog/catalog/harvest.go:258.59,259.18 1 1
github.com/venicegeo/pzsvc-image-catalog/catalog/harvest.go:259.18,261.5 1 1
github.com/venicegeo/pzsvc-image-catalog/catalog/harvest.go:262.4,264.4 1 0
github.com/venicegeo/pzsvc-image-catalog/catalog/harvest.go:270.70,275.34 2 1
github.com/venicegeo/pzsvc-image-catalog/catalog/harvest.go:284.2,284.18 1 1
github.com/venicegeo/pzsvc-image-catalog/catalog/harvest.go:275.34,276.55 1 1
github.com/venicegeo/pzsvc-image-catalog/catalog/harvest.go:276.55,277.17 1 1
github.com/venicegeo/pzsvc-image-catalog/catalog/harvest.go:277.17,279.5 1 1
github.com/venicegeo/pzsvc-image-catalog/catalog/harvest.go:280.4,282.4 1 0
github.com/venicegeo/pzsvc-image-catalog/catalog/planet.go:35.44,37.78 2 0
github.com/venicegeo/pzsvc-image-catalog/catalog/planet.go:41.2,42.93 2 0
github.com/venicegeo/pzsvc-image-catalog/catalog/planet.go:37.78,39.3 1 0
github.com/venicegeo/pzsvc-image-catalog/catalog/planet.go:48.76,54.48 2 1
github.com/venicegeo/pzsvc-image-catalog/catalog/planet.go:64.2,64.71 1 1
github.com/venicegeo/pzsvc-image-catalog/catalog/planet.go:68.2,69.39 2 1
github.com/venicegeo/pzsvc-image-catalog/catalog/planet.go:54.48,59.67 4 1
github.com/venicegeo/pzsvc-image-catalog/catalog/planet.go:62.3,62.32 1 1
github.com/venicegeo/pzsvc-image-catalog/catalog/planet.go:59.67,61.4 1 0
github.com/venicegeo/pzsvc-image-catalog/catalog/planet.go:64.71,66.3 1 0
github.com/venicegeo/pzsvc-image-catalog/catalog/planet.go:73.107,82.59 3 1
github.com/venicegeo/pzsvc-image-catalog/catalog/planet.go:87.2,87.60 1 1
github.com/venicegeo/pzsvc-image-catalog/catalog/planet.go:92.2,92.56 1 1
github.com/venicegeo/pzsvc-image-catalog/catalog/planet.go:95.2,95.47 1 1
github.com/venicegeo/pzsvc-image-catalog/catalog/planet.go:98.2,99.27 2 1
github.com/venicegeo/pzsvc-image-catalog/catalog/planet.go:82.59,84.3 1 0
github.com/venicegeo/pzsvc-image-catalog/catalog/planet.go:87.60,90.3 2 0
github.com/venicegeo/pzsvc-image-catalog/catalog/planet.go:92.56,94.3 1 0
github.com/venicegeo/pzsvc-image-catalog/catalog/planet.go:95.47,97.3 1 0
github.com/venicegeo/pzsvc-image-catalog/catalog/planet.go:102.39,104.15 2 1
github.com/venicegeo/pzsvc-image-catalog/catalog/planet.go:107.2,108.15 2 1
github.com/venicegeo/pzsvc-image-catalog/catalog/planet.go:104.15,106.3 1 1
github.com/venicegeo/pzsvc-image-catalog/catalog/planet.go:125.69,131.37 2 0
github.com/venicegeo/pzsvc-image-catalog/catalog/planet.go:147.2,147.16 1 0
github.com/venicegeo/pzsvc-image-catalog/catalog/planet.go:150.2,150.79 1 0
github.com/venicegeo/pzsvc-image-catalog/catalog/planet.go:131.37,138.39 4 0
github.com/venicegeo/pzsvc-image-catalog/catalog/planet.go:141.3,143.50 3 0
github.com/venicegeo/pzsvc-image-catalog/catalog/planet.go:138.39,139.9 1 0
github.com/venicegeo/pzsvc-image-catalog/catalog/planet.go:143.50,144.9 1 0
github.com/venicegeo/pzsvc-image-catalog/catalog/planet.go:147.16,149.3 1 0
github.com/venicegeo/pzsvc-image-catalog/catalog/planet.go:153.91,162.85 3 0
github.com/venicegeo/pzsvc-image-catalog/catalog/planet.go:166.2,166.77 1 0
github.com/venicegeo/pzsvc-image-catalog/catalog/planet.go:169.2,170.46 2 0
github.com/venicegeo/pzsvc-image-catalog/catalog/planet.go:162.85,164.3 1 0
github.com/venicegeo/pzsvc-image-catalog/catalog/planet.go:166.77,168.3 1 0
github.com/venicegeo/pzsvc-image-catalog/catalog/planet.go:173.93,178.35 2 0
github.com/venicegeo/pzsvc-image-catalog/catalog/planet.go:223.2,223.19 1 0
github.com/venicegeo/pzsvc-image-catalog/catalog/planet.go:178.35,179.40 1 0
github.com/venicegeo/pzsvc-image-catalog/catalog/planet.go:182.3,209.68 28 0
github.com/venicegeo/pzsvc-image-catalog/catalog/planet.go:213.3,214.20 2 0
github.com/venicegeo/pzsvc-image-catalog/catalog/planet.go:179.40,180.12 1 0
github.com/venicegeo/pzsvc-image-catalog/catalog/planet.go:209.68,211.9 2 0
github.com/venicegeo/pzsvc-image-catalog/catalog/planet.go:214.20,215.26 1 0
github.com/venicegeo/pzsvc-image-catalog/catalog/planet.go:220.4,220.39 1 0
github.com/venicegeo/pzsvc-image-catalog/catalog/planet.go:215.26,216.19 1 0
github.com/venicegeo/pzsvc-image-catalog/catalog/planet.go:216.19,218.6 1 0
github.com/venicegeo/pzsvc-image-catalog/catalog/planet.go:226.42,228.34 2 1
github.com/venicegeo/pzsvc-image-catalog/catalog/planet.go:231.2,232.15 2 1
github.com/venicegeo/pzsvc-image-catalog/catalog/planet.go:228.34,230.3 1 1
github.com/venicegeo/pzsvc-image-catalog/catalog/planet.go:236.122,237.46 1 0
github.com/venicegeo/pzsvc-image-catalog/catalog/planet.go:237.46,239.3 1 0
github.com/venicegeo/pzsvc-image-catalog/catalog/planet.go:244.83,265.144 6 0
github.com/venicegeo/pzsvc-image-catalog/catalog/planet.go:270.2,273.170 4 0
github.com/venicegeo/pzsvc-image-catalog/catalog/planet.go:277.2,277.52 1 0
github.com/venicegeo/pzsvc-image-catalog/catalog/planet.go:282.2,283.129 2 0
github.com/venicegeo/pzsvc-image-catalog/catalog/planet.go:288.2,288.119 1 0
github.com/venicegeo/pzsvc-image-catalog/catalog/planet.go:291.2,291.31 1 0
github.com/venicegeo/pzsvc-image-catalog/catalog/planet.go:297.2,297.26 1 0
github.com/venicegeo/pzsvc-image-catalog/catalog/planet.go:308.2,317.113 9 0
github.com/venicegeo/pzsvc-image-catalog/catalog/planet.go:320.2,320.62 1 0
github.com/venicegeo/pzsvc-image-catalog/catalog/planet.go:265.144,267.3 1 0
github.com/venicegeo/pzsvc-image-catalog/catalog/planet.go:273.170,275.3 1 0
github.com/venicegeo/pzsvc-image-catalog/catalog/planet.go:277.52,279.3 1 0
github.com/venicegeo/pzsvc-image-catalog/catalog/planet.go:283.129,285.3 1 0
github.com/venicegeo/pzsvc-image-catalog/catalog/planet.go:288.119,290.3 1 0
github.com/venicegeo/pzsvc-image-catalog/catalog/planet.go:291.31,292.40 1 0
github.com/venicegeo/pzsvc-image-catalog/catalog/planet.go:292.40,294.9 2 0
github.com/venicegeo/pzsvc-image-catalog/catalog/planet.go:297.26,301.113 2 0
github.com/venicegeo/pzsvc-image-catalog/catalog/planet.go:304.3,305.28 2 0
github.com/venicegeo/pzsvc-image-catalog/catalog/planet.go:301.113,303.4 1 0
github.com/venicegeo/pzsvc-image-catalog/catalog/planet.go:317.113,319.3 1 0
github.com/venicegeo/pzsvc-image-catalog/catalog/planet.go:323.46,328.79 2 1
github.com/venicegeo/pzsvc-image-catalog/catalog/planet.go:331.2,334.15 4 1
github.com/venicegeo/pzsvc-image-catalog/catalog/planet.go:328.79,330.3 1 0
github.com/venicegeo/pzsvc-image-catalog/catalog/redis.go:31.43,32.19 1 1
github.com/venicegeo/pzsvc-image-catalog/catalog/redis.go:40.2,40.20 1 1
github.com/venicegeo/pzsvc-image-catalog/catalog/redis.go:32.19,35.80 3 1
github.com/venicegeo/pzsvc-image-catalog/catalog/redis.go:38.3,38.56 1 1
github.com/venicegeo/pzsvc-image-catalog/catalog/redis.go:35.80,37.4 1 0
github.com/venicegeo/pzsvc-image-catalog/catalog/redis.go:45.47,47.24 1 0
github.com/venicegeo/pzsvc-image-catalog/catalog/redis.go:50.2,54.13 4 0
github.com/venicegeo/pzsvc-image-catalog/catalog/redis.go:47.24,49.3 1 0
github.com/venicegeo/pzsvc-image-catalog/catalog/redis.go:80.60,86.30 4 1
github.com/venicegeo/pzsvc-image-catalog/catalog/redis.go:98.2,98.9 1 1
github.com/venicegeo/pzsvc-image-catalog/catalog/redis.go:101.2,102.16 2 1
github.com/venicegeo/pzsvc-image-catalog/catalog/redis.go:86.30,88.3 1 0
github.com/venicegeo/pzsvc-image-catalog/catalog/redis.go:88.3,91.35 3 1
github.com/venicegeo/pzsvc-image-catalog/catalog/redis.go:91.35,93.4 1 0
github.com/venicegeo/pzsvc-image-catalog/catalog/redis.go:93.4,96.4 2 1
github.com/venicegeo/pzsvc-image-catalog/catalog/redis.go:98.9,100.3 1 0
github.com/venicegeo/pzsvc-image-catalog/catalog/redis.go:123.38,127.2 3 0
github.com/venicegeo/pzsvc-image-catalog/catalog/redis.go:130.41,134.2 3 0
