mode: set
github.com/venicegeo/pzsvc-image-catalog/catalog/redis.go:31.43,32.19 1 1
github.com/venicegeo/pzsvc-image-catalog/catalog/redis.go:40.2,40.20 1 1
github.com/venicegeo/pzsvc-image-catalog/catalog/redis.go:32.19,35.80 3 1
github.com/venicegeo/pzsvc-image-catalog/catalog/redis.go:38.3,38.56 1 1
github.com/venicegeo/pzsvc-image-catalog/catalog/redis.go:35.80,37.4 1 0
github.com/venicegeo/pzsvc-image-catalog/catalog/redis.go:45.47,47.24 1 0
github.com/venicegeo/pzsvc-image-catalog/catalog/redis.go:50.2,54.13 4 0
github.com/venicegeo/pzsvc-image-catalog/catalog/redis.go:47.24,49.3 1 0
github.com/venicegeo/pzsvc-image-catalog/catalog/redis.go:80.60,86.30 4 1
github.com/venicegeo/pzsvc-image-catalog/catalog/redis.go:98.2,98.9 1 1
github.com/venicegeo/pzsvc-image-catalog/catalog/redis.go:101.2,102.16 2 1
github.com/venicegeo/pzsvc-image-catalog/catalog/redis.go:86.30,88.3 1 0
github.com/venicegeo/pzsvc-image-catalog/catalog/redis.go:88.3,91.35 3 1
github.com/venicegeo/pzsvc-image-catalog/catalog/redis.go:91.35,93.4 1 0
github.com/venicegeo/pzsvc-image-catalog/catalog/redis.go:93.4,96.4 2 1
github.com/venicegeo/pzsvc-image-catalog/catalog/redis.go:98.9,100.3 1 0
github.com/venicegeo/pzsvc-image-catalog/catalog/redis.go:123.38,127.2 3 0
github.com/venicegeo/pzsvc-image-catalog/catalog/redis.go:130.41,134.2 3 0
github.com/venicegeo/pzsvc-image-catalog/catalog/catalog.go:53.43,55.2 1 1
github.com/venicegeo/pzsvc-image-catalog/catalog/catalog.go:67.24,71.2 3 1
github.com/venicegeo/pzsvc-image-catalog/catalog/catalog.go:74.97,84.18 2 1
github.com/venicegeo/pzsvc-image-catalog/catalog/catalog.go:87.2,87.21 1 1
github.com/venicegeo/pzsvc-image-catalog/catalog/catalog.go:91.2,96.68 4 1
github.com/venicegeo/pzsvc-image-catalog/catalog/catalog.go:106.2,107.16 2 1
github.com/venicegeo/pzsvc-image-catalog/catalog/catalog.go:114.2,114.109 1 1
github.com/venicegeo/pzsvc-image-catalog/catalog/catalog.go:148.2,149.30 2 0
github.com/venicegeo/pzsvc-image-catalog/catalog/catalog.go:84.18,86.3 1 1
github.com/venicegeo/pzsvc-image-catalog/catalog/catalog.go:87.21,89.3 1 1
github.com/venicegeo/pzsvc-image-catalog/catalog/catalog.go:96.68,97.25 1 1
github.com/venicegeo/pzsvc-image-catalog/catalog/catalog.go:97.25,99.4 1 0
github.com/venicegeo/pzsvc-image-catalog/catalog/catalog.go:100.3,103.3 2 0
github.com/venicegeo/pzsvc-image-catalog/catalog/catalog.go:107.16,109.16 2 1
github.com/venicegeo/pzsvc-image-catalog/catalog/catalog.go:109.16,111.4 1 0
github.com/venicegeo/pzsvc-image-catalog/catalog/catalog.go:114.109,118.34 2 1
github.com/venicegeo/pzsvc-image-catalog/catalog/catalog.go:138.3,145.33 8 1
github.com/venicegeo/pzsvc-image-catalog/catalog/catalog.go:118.34,119.18 1 1
github.com/venicegeo/pzsvc-image-catalog/catalog/catalog.go:123.4,123.43 1 1
github.com/venicegeo/pzsvc-image-catalog/catalog/catalog.go:119.18,121.13 1 1
github.com/venicegeo/pzsvc-image-catalog/catalog/catalog.go:123.43,126.5 2 1
github.com/venicegeo/pzsvc-image-catalog/catalog/catalog.go:126.5,127.41 1 0
github.com/venicegeo/pzsvc-image-catalog/catalog/catalog.go:127.41,130.14 3 0
github.com/venicegeo/pzsvc-image-catalog/catalog/catalog.go:131.6,134.6 2 0
github.com/venicegeo/pzsvc-image-catalog/catalog/catalog.go:154.58,158.2 2 1
github.com/venicegeo/pzsvc-image-catalog/catalog/catalog.go:160.66,166.26 6 1
github.com/venicegeo/pzsvc-image-catalog/catalog/catalog.go:185.2,185.17 1 1
github.com/venicegeo/pzsvc-image-catalog/catalog/catalog.go:166.26,170.3 2 0
github.com/venicegeo/pzsvc-image-catalog/catalog/catalog.go:170.3,170.46 1 1
github.com/venicegeo/pzsvc-image-catalog/catalog/catalog.go:170.46,173.3 1 1
github.com/venicegeo/pzsvc-image-catalog/catalog/catalog.go:173.3,178.23 5 0
github.com/venicegeo/pzsvc-image-catalog/catalog/catalog.go:178.23,181.4 2 0
github.com/venicegeo/pzsvc-image-catalog/catalog/catalog.go:181.4,181.32 1 0
github.com/venicegeo/pzsvc-image-catalog/catalog/catalog.go:181.32,183.4 1 0
github.com/venicegeo/pzsvc-image-catalog/catalog/catalog.go:189.98,203.42 2 1
github.com/venicegeo/pzsvc-image-catalog/catalog/catalog.go:207.2,207.84 1 1
github.com/venicegeo/pzsvc-image-catalog/catalog/catalog.go:213.2,213.93 1 1
github.com/venicegeo/pzsvc-image-catalog/catalog/catalog.go:219.2,219.66 1 1
github.com/venicegeo/pzsvc-image-catalog/catalog/catalog.go:225.2,225.55 1 1
github.com/venicegeo/pzsvc-image-catalog/catalog/catalog.go:245.2,245.37 1 1
github.com/venicegeo/pzsvc-image-catalog/catalog/catalog.go:270.2,276.35 6 1
github.com/venicegeo/pzsvc-image-catalog/catalog/catalog.go:203.42,205.3 1 0
github.com/venicegeo/pzsvc-image-catalog/catalog/catalog.go:207.84,208.80 1 0
github.com/venicegeo/pzsvc-image-catalog/catalog/catalog.go:208.80,210.4 1 0
github.com/venicegeo/pzsvc-image-catalog/catalog/catalog.go:213.93,214.86 1 0
github.com/venicegeo/pzsvc-image-catalog/catalog/catalog.go:214.86,216.4 1 0
github.com/venicegeo/pzsvc-image-catalog/catalog/catalog.go:219.66,221.3 1 1
github.com/venicegeo/pzsvc-image-catalog/catalog/catalog.go:221.3,223.3 1 0
github.com/venicegeo/pzsvc-image-catalog/catalog/catalog.go:225.55,228.67 2 1
github.com/venicegeo/pzsvc-image-catalog/catalog/catalog.go:228.67,230.4 1 0
github.com/venicegeo/pzsvc-image-catalog/catalog/catalog.go:231.3,234.31 2 0
github.com/venicegeo/pzsvc-image-catalog/catalog/catalog.go:237.3,240.72 4 0
github.com/venicegeo/pzsvc-image-catalog/catalog/catalog.go:234.31,236.4 1 0
github.com/venicegeo/pzsvc-image-catalog/catalog/catalog.go:240.72,242.4 1 0
github.com/venicegeo/pzsvc-image-catalog/catalog/catalog.go:245.37,247.42 1 1
github.com/venicegeo/pzsvc-image-catalog/catalog/catalog.go:247.42,248.49 1 1
github.com/venicegeo/pzsvc-image-catalog/catalog/catalog.go:257.4,257.76 1 1
github.com/venicegeo/pzsvc-image-catalog/catalog/catalog.go:248.49,249.44 1 0
github.com/venicegeo/pzsvc-image-catalog/catalog/catalog.go:249.44,252.14 3 0
github.com/venicegeo/pzsvc-image-catalog/catalog/catalog.go:253.6,255.6 1 0
github.com/venicegeo/pzsvc-image-catalog/catalog/catalog.go:257.76,258.58 1 1
github.com/venicegeo/pzsvc-image-catalog/catalog/catalog.go:258.58,260.63 2 1
github.com/venicegeo/pzsvc-image-catalog/catalog/catalog.go:260.63,261.12 1 0
github.com/venicegeo/pzsvc-image-catalog/catalog/catalog.go:264.5,266.5 1 0
github.com/venicegeo/pzsvc-image-catalog/catalog/catalog.go:281.62,297.84 3 1
github.com/venicegeo/pzsvc-image-catalog/catalog/catalog.go:303.2,303.93 1 1
github.com/venicegeo/pzsvc-image-catalog/catalog/catalog.go:309.2,309.66 1 1
github.com/venicegeo/pzsvc-image-catalog/catalog/catalog.go:315.2,315.55 1 1
github.com/venicegeo/pzsvc-image-catalog/catalog/catalog.go:333.2,333.37 1 1
github.com/venicegeo/pzsvc-image-catalog/catalog/catalog.go:359.2,361.59 3 1
github.com/venicegeo/pzsvc-image-catalog/catalog/catalog.go:365.2,366.68 2 1
github.com/venicegeo/pzsvc-image-catalog/catalog/catalog.go:297.84,298.80 1 0
github.com/venicegeo/pzsvc-image-catalog/catalog/catalog.go:298.80,300.4 1 0
github.com/venicegeo/pzsvc-image-catalog/catalog/catalog.go:303.93,304.86 1 0
github.com/venicegeo/pzsvc-image-catalog/catalog/catalog.go:304.86,306.4 1 0
github.com/venicegeo/pzsvc-image-catalog/catalog/catalog.go:309.66,311.3 1 1
github.com/venicegeo/pzsvc-image-catalog/catalog/catalog.go:311.3,313.3 1 0
github.com/venicegeo/pzsvc-image-catalog/catalog/catalog.go:315.55,317.67 1 1
github.com/venicegeo/pzsvc-image-catalog/catalog/catalog.go:317.67,319.4 1 0
github.com/venicegeo/pzsvc-image-catalog/catalog/catalog.go:320.3,323.31 2 0
github.com/venicegeo/pzsvc-image-catalog/catalog/catalog.go:326.3,328.72 3 0
github.com/venicegeo/pzsvc-image-catalog/catalog/catalog.go:323.31,325.4 1 0
github.com/venicegeo/pzsvc-image-catalog/catalog/catalog.go:328.72,330.4 1 0
github.com/venicegeo/pzsvc-image-catalog/catalog/catalog.go:333.37,334.42 1 1
github.com/venicegeo/pzsvc-image-catalog/catalog/catalog.go:334.42,336.33 1 1
github.com/venicegeo/pzsvc-image-catalog/catalog/catalog.go:344.4,346.61 3 1
github.com/venicegeo/pzsvc-image-catalog/catalog/catalog.go:349.4,351.29 2 1
github.com/venicegeo/pzsvc-image-catalog/catalog/catalog.go:336.33,338.74 2 0
github.com/venicegeo/pzsvc-image-catalog/catalog/catalog.go:338.74,339.49 1 0
github.com/venicegeo/pzsvc-image-catalog/catalog/catalog.go:339.49,340.15 1 0
github.com/venicegeo/pzsvc-image-catalog/catalog/catalog.go:346.61,348.5 1 0
github.com/venicegeo/pzsvc-image-catalog/catalog/catalog.go:351.29,352.10 1 0
github.com/venicegeo/pzsvc-image-catalog/catalog/catalog.go:361.59,363.3 1 0
github.com/venicegeo/pzsvc-image-catalog/catalog/catalog.go:366.68,368.3 1 0
github.com/venicegeo/pzsvc-image-catalog/catalog/catalog.go:372.69,376.17 2 1
github.com/venicegeo/pzsvc-image-catalog/catalog/catalog.go:380.2,381.23 2 1
github.com/venicegeo/pzsvc-image-catalog/catalog/catalog.go:408.2,408.13 1 1
github.com/venicegeo/pzsvc-image-catalog/catalog/catalog.go:376.17,378.3 1 0
github.com/venicegeo/pzsvc-image-catalog/catalog/catalog.go:381.23,388.24 4 1
github.com/venicegeo/pzsvc-image-catalog/catalog/catalog.go:397.3,397.25 1 1
github.com/venicegeo/pzsvc-image-catalog/catalog/catalog.go:388.24,391.64 3 0
github.com/venicegeo/pzsvc-image-catalog/catalog/catalog.go:391.64,392.38 1 0
github.com/venicegeo/pzsvc-image-catalog/catalog/catalog.go:392.38,394.6 1 0
github.com/venicegeo/pzsvc-image-catalog/catalog/catalog.go:397.25,398.69 1 0
github.com/venicegeo/pzsvc-image-catalog/catalog/catalog.go:403.4,403.57 1 0
github.com/venicegeo/pzsvc-image-catalog/catalog/catalog.go:398.69,401.5 2 0
github.com/venicegeo/pzsvc-image-catalog/catalog/catalog.go:403.57,405.5 1 0
github.com/venicegeo/pzsvc-image-catalog/catalog/catalog.go:414.73,415.17 1 1
github.com/venicegeo/pzsvc-image-catalog/catalog/catalog.go:419.2,419.14 1 1
github.com/venicegeo/pzsvc-image-catalog/catalog/catalog.go:440.2,442.73 3 1
github.com/venicegeo/pzsvc-image-catalog/catalog/catalog.go:446.2,448.126 3 1
github.com/venicegeo/pzsvc-image-catalog/catalog/catalog.go:454.2,455.24 2 1
github.com/venicegeo/pzsvc-image-catalog/catalog/catalog.go:466.2,466.13 1 1
github.com/venicegeo/pzsvc-image-catalog/catalog/catalog.go:415.17,417.3 1 0
github.com/venicegeo/pzsvc-image-catalog/catalog/catalog.go:419.14,425.77 2 0
github.com/venicegeo/pzsvc-image-catalog/catalog/catalog.go:429.3,429.81 1 0
github.com/venicegeo/pzsvc-image-catalog/catalog/catalog.go:433.3,433.72 1 0
github.com/venicegeo/pzsvc-image-catalog/catalog/catalog.go:425.77,428.4 2 0
github.com/venicegeo/pzsvc-image-catalog/catalog/catalog.go:429.81,432.4 2 0
github.com/venicegeo/pzsvc-image-catalog/catalog/catalog.go:433.72,436.4 2 0
github.com/venicegeo/pzsvc-image-catalog/catalog/catalog.go:436.4,436.25 1 0
github.com/venicegeo/pzsvc-image-catalog/catalog/catalog.go:436.25,438.4 1 0
github.com/venicegeo/pzsvc-image-catalog/catalog/catalog.go:442.73,444.3 1 0
github.com/venicegeo/pzsvc-image-catalog/catalog/catalog.go:448.126,449.46 1 0
github.com/venicegeo/pzsvc-image-catalog/catalog/catalog.go:449.46,451.4 1 0
github.com/venicegeo/pzsvc-image-catalog/catalog/catalog.go:455.24,456.51 1 0
github.com/venicegeo/pzsvc-image-catalog/catalog/catalog.go:456.51,458.39 2 0
github.com/venicegeo/pzsvc-image-catalog/catalog/catalog.go:458.39,459.39 1 0
github.com/venicegeo/pzsvc-image-catalog/catalog/catalog.go:459.39,461.6 1 0
github.com/venicegeo/pzsvc-image-catalog/catalog/catalog.go:470.60,474.54 4 0
github.com/venicegeo/pzsvc-image-catalog/catalog/catalog.go:491.2,492.57 2 0
github.com/venicegeo/pzsvc-image-catalog/catalog/catalog.go:474.54,479.44 3 0
github.com/venicegeo/pzsvc-image-catalog/catalog/catalog.go:482.3,482.25 1 0
github.com/venicegeo/pzsvc-image-catalog/catalog/catalog.go:489.3,489.66 1 0
github.com/venicegeo/pzsvc-image-catalog/catalog/catalog.go:479.44,481.4 1 0
github.com/venicegeo/pzsvc-image-catalog/catalog/catalog.go:482.25,485.22 2 0
github.com/venicegeo/pzsvc-image-catalog/catalog/catalog.go:485.22,487.5 1 0
github.com/venicegeo/pzsvc-image-catalog/catalog/catalog.go:495.50,500.2 1 1
github.com/venicegeo/pzsvc-image-catalog/catalog/catalog.go:504.77,511.49 4 1
github.com/venicegeo/pzsvc-image-catalog/catalog/catalog.go:515.2,515.27 1 1
github.com/venicegeo/pzsvc-image-catalog/catalog/catalog.go:525.2,545.17 4 1
github.com/venicegeo/pzsvc-image-catalog/catalog/catalog.go:511.49,513.3 1 0
github.com/venicegeo/pzsvc-image-catalog/catalog/catalog.go:515.27,518.16 2 0
github.com/venicegeo/pzsvc-image-catalog/catalog/catalog.go:518.16,520.4 1 0
github.com/venicegeo/pzsvc-image-catalog/catalog/catalog.go:520.4,522.4 1 0
github.com/venicegeo/pzsvc-image-catalog/catalog/catalog.go:549.52,553.83 4 0
github.com/venicegeo/pzsvc-image-catalog/catalog/catalog.go:560.2,563.17 3 0
github.com/venicegeo/pzsvc-image-catalog/catalog/catalog.go:553.83,554.38 1 0
github.com/venicegeo/pzsvc-image-catalog/catalog/catalog.go:554.38,556.4 1 0
github.com/venicegeo/pzsvc-image-catalog/catalog/catalog.go:557.3,559.3 1 0
github.com/venicegeo/pzsvc-image-catalog/catalog/catalog.go:568.80,573.53 2 0
github.com/venicegeo/pzsvc-image-catalog/catalog/catalog.go:583.2,583.12 1 0
github.com/venicegeo/pzsvc-image-catalog/catalog/catalog.go:573.53,574.41 1 0
github.com/venicegeo/pzsvc-image-catalog/catalog/catalog.go:577.3,577.55 1 0
github.com/venicegeo/pzsvc-image-catalog/catalog/catalog.go:574.41,576.4 1 0
github.com/venicegeo/pzsvc-image-catalog/catalog/catalog.go:577.55,579.4 1 0
github.com/venicegeo/pzsvc-image-catalog/catalog/catalog.go:580.3,582.3 1 0
github.com/venicegeo/pzsvc-image-catalog/catalog/catalog.go:586.55,589.74 3 1
github.com/venicegeo/pzsvc-image-catalog/catalog/catalog.go:592.2,592.14 1 1
github.com/venicegeo/pzsvc-image-catalog/catalog/catalog.go:589.74,591.3 1 0
github.com/venicegeo/pzsvc-image-catalog/catalog/catalog.go:597.22,608.84 5 1
github.com/venicegeo/pzsvc-image-catalog/catalog/catalog.go:617.2,618.64 2 1
github.com/venicegeo/pzsvc-image-catalog/catalog/catalog.go:626.2,629.74 2 1
github.com/venicegeo/pzsvc-image-catalog/catalog/catalog.go:637.2,638.14 2 1
github.com/venicegeo/pzsvc-image-catalog/catalog/catalog.go:608.84,611.38 3 1
github.com/venicegeo/pzsvc-image-catalog/catalog/catalog.go:611.38,613.4 1 1
github.com/venicegeo/pzsvc-image-catalog/catalog/catalog.go:618.64,621.38 3 1
github.com/venicegeo/pzsvc-image-catalog/catalog/catalog.go:624.3,624.23 1 1
github.com/venicegeo/pzsvc-image-catalog/catalog/catalog.go:621.38,623.4 1 0
github.com/venicegeo/pzsvc-image-catalog/catalog/catalog.go:629.74,632.38 3 1
github.com/venicegeo/pzsvc-image-catalog/catalog/catalog.go:635.3,635.33 1 1
github.com/venicegeo/pzsvc-image-catalog/catalog/catalog.go:632.38,634.4 1 0
github.com/venicegeo/pzsvc-image-catalog/catalog/catalog.go:642.61,647.53 2 0
github.com/venicegeo/pzsvc-image-catalog/catalog/catalog.go:650.2,650.46 1 0
github.com/venicegeo/pzsvc-image-catalog/catalog/catalog.go:647.53,649.3 1 0
github.com/venicegeo/pzsvc-image-catalog/catalog/catalog.go:654.94,664.77 2 0
github.com/venicegeo/pzsvc-image-catalog/catalog/catalog.go:686.2,686.8 1 0
github.com/venicegeo/pzsvc-image-catalog/catalog/catalog.go:689.2,689.90 1 0
github.com/venicegeo/pzsvc-image-catalog/catalog/catalog.go:664.77,665.38 1 0
github.com/venicegeo/pzsvc-image-catalog/catalog/catalog.go:665.38,666.43 1 0
github.com/venicegeo/pzsvc-image-catalog/catalog/catalog.go:666.43,669.45 1 0
github.com/venicegeo/pzsvc-image-catalog/catalog/catalog.go:682.5,682.27 1 0
github.com/venicegeo/pzsvc-image-catalog/catalog/catalog.go:669.45,670.76 1 0
github.com/venicegeo/pzsvc-image-catalog/catalog/catalog.go:670.76,672.7 1 0
github.com/venicegeo/pzsvc-image-catalog/catalog/catalog.go:673.6,675.75 2 0
github.com/venicegeo/pzsvc-image-catalog/catalog/catalog.go:678.6,678.68 1 0
github.com/venicegeo/pzsvc-image-catalog/catalog/catalog.go:675.75,677.7 1 0
github.com/venicegeo/pzsvc-image-catalog/catalog/catalog.go:678.68,680.7 1 0
github.com/venicegeo/pzsvc-image-catalog/catalog/catalog.go:686.8,688.3 1 0
github.com/venicegeo/pzsvc-image-catalog/catalog/harvest.go:70.95,86.21 13 0
github.com/venicegeo/pzsvc-image-catalog/catalog/harvest.go:89.2,89.12 1 0
github.com/venicegeo/pzsvc-image-catalog/catalog/harvest.go:86.21,88.3 1 0
github.com/venicegeo/pzsvc-image-catalog/catalog/harvest.go:94.52,95.57 1 1
github.com/venicegeo/pzsvc-image-catalog/catalog/harvest.go:98.2,98.36 1 1
github.com/venicegeo/pzsvc-image-catalog/catalog/harvest.go:102.2,102.41 1 1
github.com/venicegeo/pzsvc-image-catalog/catalog/harvest.go:95.57,97.3 1 0
github.com/venicegeo/pzsvc-image-catalog/catalog/harvest.go:98.36,101.3 2 1
github.com/venicegeo/pzsvc-image-catalog/catalog/harvest.go:107.51,112.23 2 1
github.com/venicegeo/pzsvc-image-catalog/catalog/harvest.go:128.2,128.12 1 1
github.com/venicegeo/pzsvc-image-catalog/catalog/harvest.go:112.23,113.24 1 1
github.com/venicegeo/pzsvc-image-catalog/catalog/harvest.go:124.3,124.65 1 1
github.com/venicegeo/pzsvc-image-catalog/catalog/harvest.go:113.24,114.23 1 1
github.com/venicegeo/pzsvc-image-catalog/catalog/harvest.go:114.23,116.5 1 1
github.com/venicegeo/pzsvc-image-catalog/catalog/harvest.go:116.5,117.73 1 1
github.com/venicegeo/pzsvc-image-catalog/catalog/harvest.go:117.73,119.6 1 0
github.com/venicegeo/pzsvc-image-catalog/catalog/harvest.go:121.4,123.4 1 1
github.com/venicegeo/pzsvc-image-catalog/catalog/harvest.go:124.65,126.4 1 0
github.com/venicegeo/pzsvc-image-catalog/catalog/harvest.go:131.79,138.73 2 1
github.com/venicegeo/pzsvc-image-catalog/catalog/harvest.go:143.2,143.98 1 1
github.com/venicegeo/pzsvc-image-catalog/catalog/harvest.go:146.2,146.92 1 1
github.com/venicegeo/pzsvc-image-catalog/catalog/harvest.go:149.2,149.13 1 1
github.com/venicegeo/pzsvc-image-catalog/catalog/harvest.go:138.73,141.3 2 0
github.com/venicegeo/pzsvc-image-catalog/catalog/harvest.go:143.98,145.3 1 1
github.com/venicegeo/pzsvc-image-catalog/catalog/harvest.go:146.92,148.3 1 1
github.com/venicegeo/pzsvc-image-catalog/catalog/harvest.go:153.40,155.56 2 0
github.com/venicegeo/pzsvc-image-catalog/catalog/harvest.go:158.2,160.12 3 0
github.com/venicegeo/pzsvc-image-catalog/catalog/harvest.go:155.56,157.3 1 0
github.com/venicegeo/pzsvc-image-catalog/catalog/harvest.go:164.63,167.57 3 0
github.com/venicegeo/pzsvc-image-catalog/catalog/harvest.go:170.2,171.17 2 0
github.com/venicegeo/pzsvc-image-catalog/catalog/harvest.go:167.57,169.3 1 0
github.com/venicegeo/pzsvc-image-catalog/catalog/harvest.go:174.34,183.2 3 1
github.com/venicegeo/pzsvc-image-catalog/catalog/harvest.go:185.86,193.35 2 1
github.com/venicegeo/pzsvc-image-catalog/catalog/harvest.go:203.2,203.48 1 1
github.com/venicegeo/pzsvc-image-catalog/catalog/harvest.go:193.35,198.71 5 1
github.com/venicegeo/pzsvc-image-catalog/catalog/harvest.go:201.3,201.68 1 1
github.com/venicegeo/pzsvc-image-catalog/catalog/harvest.go:198.71,200.4 1 0
github.com/venicegeo/pzsvc-image-catalog/catalog/harvest.go:206.85,209.32 2 1
github.com/venicegeo/pzsvc-image-catalog/catalog/harvest.go:240.2,240.15 1 1
github.com/venicegeo/pzsvc-image-catalog/catalog/harvest.go:209.32,213.16 4 1
github.com/venicegeo/pzsvc-image-catalog/catalog/harvest.go:218.3,218.19 1 1
github.com/venicegeo/pzsvc-image-catalog/catalog/harvest.go:213.16,214.32 1 1
github.com/venicegeo/pzsvc-image-catalog/catalog/harvest.go:214.32,216.5 1 0
github.com/venicegeo/pzsvc-image-catalog/catalog/harvest.go:219.3,219.10 0 1
github.com/venicegeo/pzsvc-image-catalog/catalog/harvest.go:222.3,223.24 1 1
github.com/venicegeo/pzsvc-image-catalog/catalog/harvest.go:225.3,226.91 1 1
github.com/venicegeo/pzsvc-image-catalog/catalog/harvest.go:226.91,227.57 1 1
github.com/venicegeo/pzsvc-image-catalog/catalog/harvest.go:227.57,230.6 1 1
github.com/venicegeo/pzsvc-image-catalog/catalog/harvest.go:230.6,232.14 2 0
github.com/venicegeo/pzsvc-image-catalog/catalog/harvest.go:234.5,236.13 2 0
github.com/venicegeo/pzsvc-image-catalog/catalog/harvest.go:244.72,249.34 2 1
github.com/venicegeo/pzsvc-image-catalog/catalog/harvest.go:258.2,258.19 1 1
github.com/venicegeo/pzsvc-image-catalog/catalog/harvest.go:249.34,250.59 1 1
github.com/venicegeo/pzsvc-image-catalog/catalog/harvest.go:250.59,251.18 1 1
github.com/venicegeo/pzsvc-image-catalog/catalog/harvest.go:251.18,253.5 1 1
github.com/venicegeo/pzsvc-image-catalog/catalog/harvest.go:254.4,256.4 1 0
github.com/venicegeo/pzsvc-image-catalog/catalog/harvest.go:262.70,267.34 2 1
github.com/venicegeo/pzsvc-image-catalog/catalog/harvest.go:276.2,276.18 1 1
github.com/venicegeo/pzsvc-image-catalog/catalog/harvest.go:267.34,268.55 1 1
github.com/venicegeo/pzsvc-image-catalog/catalog/harvest.go:268.55,269.17 1 1
github.com/venicegeo/pzsvc-image-catalog/catalog/harvest.go:269.17,271.5 1 1
github.com/venicegeo/pzsvc-image-catalog/catalog/harvest.go:272.4,274.4 1 0
github.com/venicegeo/pzsvc-image-catalog/catalog/planet.go:35.44,40.2 2 0
github.com/venicegeo/pzsvc-image-catalog/catalog/planet.go:44.76,50.48 2 1
github.com/venicegeo/pzsvc-image-catalog/catalog/planet.go:60.2,60.71 1 1
github.com/venicegeo/pzsvc-image-catalog/catalog/planet.go:64.2,65.39 2 1
github.com/venicegeo/pzsvc-image-catalog/catalog/planet.go:50.48,55.67 4 1
github.com/venicegeo/pzsvc-image-catalog/catalog/planet.go:58.3,58.32 1 1
github.com/venicegeo/pzsvc-image-catalog/catalog/planet.go:55.67,57.4 1 0
github.com/venicegeo/pzsvc-image-catalog/catalog/planet.go:60.71,62.3 1 0
github.com/venicegeo/pzsvc-image-catalog/catalog/planet.go:69.107,78.59 3 1
github.com/venicegeo/pzsvc-image-catalog/catalog/planet.go:83.2,83.60 1 1
github.com/venicegeo/pzsvc-image-catalog/catalog/planet.go:88.2,88.56 1 1
github.com/venicegeo/pzsvc-image-catalog/catalog/planet.go:91.2,91.47 1 1
github.com/venicegeo/pzsvc-image-catalog/catalog/planet.go:94.2,95.27 2 1
github.com/venicegeo/pzsvc-image-catalog/catalog/planet.go:78.59,80.3 1 0
github.com/venicegeo/pzsvc-image-catalog/catalog/planet.go:83.60,86.3 2 0
github.com/venicegeo/pzsvc-image-catalog/catalog/planet.go:88.56,90.3 1 0
github.com/venicegeo/pzsvc-image-catalog/catalog/planet.go:91.47,93.3 1 0
github.com/venicegeo/pzsvc-image-catalog/catalog/planet.go:98.39,100.15 2 1
github.com/venicegeo/pzsvc-image-catalog/catalog/planet.go:103.2,104.15 2 1
github.com/venicegeo/pzsvc-image-catalog/catalog/planet.go:100.15,102.3 1 1
github.com/venicegeo/pzsvc-image-catalog/catalog/planet.go:121.69,127.37 2 0
github.com/venicegeo/pzsvc-image-catalog/catalog/planet.go:143.2,143.16 1 0
github.com/venicegeo/pzsvc-image-catalog/catalog/planet.go:146.2,146.79 1 0
github.com/venicegeo/pzsvc-image-catalog/catalog/planet.go:127.37,134.39 4 0
github.com/venicegeo/pzsvc-image-catalog/catalog/planet.go:137.3,139.50 3 0
github.com/venicegeo/pzsvc-image-catalog/catalog/planet.go:134.39,135.9 1 0
github.com/venicegeo/pzsvc-image-catalog/catalog/planet.go:139.50,140.9 1 0
github.com/venicegeo/pzsvc-image-catalog/catalog/planet.go:143.16,145.3 1 0
github.com/venicegeo/pzsvc-image-catalog/catalog/planet.go:149.91,158.85 3 0
github.com/venicegeo/pzsvc-image-catalog/catalog/planet.go:162.2,162.77 1 0
github.com/venicegeo/pzsvc-image-catalog/catalog/planet.go:165.2,166.46 2 0
github.com/venicegeo/pzsvc-image-catalog/catalog/planet.go:158.85,160.3 1 0
github.com/venicegeo/pzsvc-image-catalog/catalog/planet.go:162.77,164.3 1 0
github.com/venicegeo/pzsvc-image-catalog/catalog/planet.go:169.93,174.35 2 0
github.com/venicegeo/pzsvc-image-catalog/catalog/planet.go:217.2,217.19 1 0
github.com/venicegeo/pzsvc-image-catalog/catalog/planet.go:174.35,175.40 1 0
github.com/venicegeo/pzsvc-image-catalog/catalog/planet.go:178.3,205.68 28 0
github.com/venicegeo/pzsvc-image-catalog/catalog/planet.go:209.3,210.20 2 0
github.com/venicegeo/pzsvc-image-catalog/catalog/planet.go:175.40,176.12 1 0
github.com/venicegeo/pzsvc-image-catalog/catalog/planet.go:205.68,207.9 2 0
github.com/venicegeo/pzsvc-image-catalog/catalog/planet.go:210.20,211.26 1 0
github.com/venicegeo/pzsvc-image-catalog/catalog/planet.go:214.4,214.39 1 0
github.com/venicegeo/pzsvc-image-catalog/catalog/planet.go:211.26,213.5 1 0
github.com/venicegeo/pzsvc-image-catalog/catalog/planet.go:220.42,222.34 2 1
github.com/venicegeo/pzsvc-image-catalog/catalog/planet.go:225.2,226.15 2 1
github.com/venicegeo/pzsvc-image-catalog/catalog/planet.go:222.34,224.3 1 1
github.com/venicegeo/pzsvc-image-catalog/catalog/planet.go:230.122,231.46 1 0
github.com/venicegeo/pzsvc-image-catalog/catalog/planet.go:231.46,233.3 1 0
github.com/venicegeo/pzsvc-image-catalog/catalog/planet.go:238.83,259.144 6 0
github.com/venicegeo/pzsvc-image-catalog/catalog/planet.go:264.2,267.170 4 0
github.com/venicegeo/pzsvc-image-catalog/catalog/planet.go:271.2,271.52 1 0
github.com/venicegeo/pzsvc-image-catalog/catalog/planet.go:276.2,277.129 2 0
github.com/venicegeo/pzsvc-image-catalog/catalog/planet.go:282.2,282.119 1 0
github.com/venicegeo/pzsvc-image-catalog/catalog/planet.go:285.2,285.31 1 0
github.com/venicegeo/pzsvc-image-catalog/catalog/planet.go:291.2,291.26 1 0
github.com/venicegeo/pzsvc-image-catalog/catalog/planet.go:302.2,311.113 9 0
github.com/venicegeo/pzsvc-image-catalog/catalog/planet.go:314.2,314.62 1 0
github.com/venicegeo/pzsvc-image-catalog/catalog/planet.go:259.144,261.3 1 0
github.com/venicegeo/pzsvc-image-catalog/catalog/planet.go:267.170,269.3 1 0
github.com/venicegeo/pzsvc-image-catalog/catalog/planet.go:271.52,273.3 1 0
github.com/venicegeo/pzsvc-image-catalog/catalog/planet.go:277.129,279.3 1 0
github.com/venicegeo/pzsvc-image-catalog/catalog/planet.go:282.119,284.3 1 0
github.com/venicegeo/pzsvc-image-catalog/catalog/planet.go:285.31,286.40 1 0
github.com/venicegeo/pzsvc-image-catalog/catalog/planet.go:286.40,288.9 2 0
github.com/venicegeo/pzsvc-image-catalog/catalog/planet.go:291.26,295.113 2 0
github.com/venicegeo/pzsvc-image-catalog/catalog/planet.go:298.3,299.28 2 0
github.com/venicegeo/pzsvc-image-catalog/catalog/planet.go:295.113,297.4 1 0
github.com/venicegeo/pzsvc-image-catalog/catalog/planet.go:311.113,313.3 1 0
github.com/venicegeo/pzsvc-image-catalog/catalog/planet.go:317.46,322.79 2 1
github.com/venicegeo/pzsvc-image-catalog/catalog/planet.go:325.2,328.15 4 1
github.com/venicegeo/pzsvc-image-catalog/catalog/planet.go:322.79,324.3 1 0
