mode: set
github.com/venicegeo/pzsvc-image-catalog/cmd/serve.go:32.39,38.24 3 0
github.com/venicegeo/pzsvc-image-catalog/cmd/serve.go:43.2,44.51 2 0
github.com/venicegeo/pzsvc-image-catalog/cmd/serve.go:73.2,73.46 1 0
github.com/venicegeo/pzsvc-image-catalog/cmd/serve.go:38.24,39.59 1 0
github.com/venicegeo/pzsvc-image-catalog/cmd/serve.go:39.59,41.4 1 0
github.com/venicegeo/pzsvc-image-catalog/cmd/serve.go:44.51,47.82 2 0
github.com/venicegeo/pzsvc-image-catalog/cmd/serve.go:50.3,64.27 9 0
github.com/venicegeo/pzsvc-image-catalog/cmd/serve.go:47.82,49.4 1 0
github.com/venicegeo/pzsvc-image-catalog/cmd/serve.go:65.3,68.80 3 0
github.com/venicegeo/pzsvc-image-catalog/cmd/serve.go:68.80,70.4 1 0
github.com/venicegeo/pzsvc-image-catalog/cmd/serve.go:76.63,84.63 4 1
github.com/venicegeo/pzsvc-image-catalog/cmd/serve.go:92.2,93.89 2 0
github.com/venicegeo/pzsvc-image-catalog/cmd/serve.go:84.63,85.50 1 1
github.com/venicegeo/pzsvc-image-catalog/cmd/serve.go:90.3,90.9 1 1
github.com/venicegeo/pzsvc-image-catalog/cmd/serve.go:85.50,87.4 1 1
github.com/venicegeo/pzsvc-image-catalog/cmd/serve.go:87.4,89.4 1 0
github.com/venicegeo/pzsvc-image-catalog/cmd/serve.go:96.70,99.63 3 0
github.com/venicegeo/pzsvc-image-catalog/cmd/serve.go:99.63,102.3 2 0
github.com/venicegeo/pzsvc-image-catalog/cmd/serve.go:102.3,103.22 1 0
github.com/venicegeo/pzsvc-image-catalog/cmd/serve.go:104.3,106.52 2 0
github.com/venicegeo/pzsvc-image-catalog/cmd/serve.go:107.3,109.54 2 0
github.com/venicegeo/pzsvc-image-catalog/cmd/serve.go:114.74,118.63 4 0
github.com/venicegeo/pzsvc-image-catalog/cmd/serve.go:118.63,121.3 2 0
github.com/venicegeo/pzsvc-image-catalog/cmd/serve.go:121.3,126.3 4 0
github.com/venicegeo/pzsvc-image-catalog/cmd/serve.go:134.47,136.3 1 0
github.com/venicegeo/pzsvc-image-catalog/cmd/cmd.go:28.47,30.3 1 0
github.com/venicegeo/pzsvc-image-catalog/cmd/cmd.go:35.16,41.2 5 1
github.com/venicegeo/pzsvc-image-catalog/cmd/cmd.go:49.13,51.2 1 1
github.com/venicegeo/pzsvc-image-catalog/cmd/crawl.go:37.47,42.35 2 0
github.com/venicegeo/pzsvc-image-catalog/cmd/crawl.go:47.3,47.17 1 0
github.com/venicegeo/pzsvc-image-catalog/cmd/crawl.go:42.35,43.52 1 0
github.com/venicegeo/pzsvc-image-catalog/cmd/crawl.go:43.52,45.5 1 0
github.com/venicegeo/pzsvc-image-catalog/cmd/crawl.go:47.17,49.4 1 0
github.com/venicegeo/pzsvc-image-catalog/cmd/crawl.go:53.70,91.2 0 0
github.com/venicegeo/pzsvc-image-catalog/cmd/crawl.go:93.37,108.28 2 0
github.com/venicegeo/pzsvc-image-catalog/cmd/crawl.go:187.2,187.12 1 0
github.com/venicegeo/pzsvc-image-catalog/cmd/crawl.go:109.2,110.39 1 0
github.com/venicegeo/pzsvc-image-catalog/cmd/crawl.go:115.2,117.75 2 0
github.com/venicegeo/pzsvc-image-catalog/cmd/crawl.go:120.3,120.68 1 0
github.com/venicegeo/pzsvc-image-catalog/cmd/crawl.go:123.3,123.53 1 0
github.com/venicegeo/pzsvc-image-catalog/cmd/crawl.go:126.3,126.59 1 0
github.com/venicegeo/pzsvc-image-catalog/cmd/crawl.go:130.3,130.56 1 0
github.com/venicegeo/pzsvc-image-catalog/cmd/crawl.go:133.3,133.41 1 0
github.com/venicegeo/pzsvc-image-catalog/cmd/crawl.go:153.3,153.54 1 0
github.com/venicegeo/pzsvc-image-catalog/cmd/crawl.go:156.3,156.30 1 0
github.com/venicegeo/pzsvc-image-catalog/cmd/crawl.go:181.3,184.54 4 0
github.com/venicegeo/pzsvc-image-catalog/cmd/crawl.go:110.39,111.40 1 0
github.com/venicegeo/pzsvc-image-catalog/cmd/crawl.go:111.40,113.5 1 0
github.com/venicegeo/pzsvc-image-catalog/cmd/crawl.go:117.75,119.4 1 0
github.com/venicegeo/pzsvc-image-catalog/cmd/crawl.go:120.68,122.4 1 0
github.com/venicegeo/pzsvc-image-catalog/cmd/crawl.go:123.53,125.4 1 0
github.com/venicegeo/pzsvc-image-catalog/cmd/crawl.go:126.59,129.4 2 0
github.com/venicegeo/pzsvc-image-catalog/cmd/crawl.go:130.56,132.4 1 0
github.com/venicegeo/pzsvc-image-catalog/cmd/crawl.go:133.41,134.54 1 0
github.com/venicegeo/pzsvc-image-catalog/cmd/crawl.go:137.4,137.59 1 0
github.com/venicegeo/pzsvc-image-catalog/cmd/crawl.go:143.4,143.57 1 0
github.com/venicegeo/pzsvc-image-catalog/cmd/crawl.go:134.54,136.5 1 0
github.com/venicegeo/pzsvc-image-catalog/cmd/crawl.go:137.59,139.5 1 0
github.com/venicegeo/pzsvc-image-catalog/cmd/crawl.go:139.5,139.23 1 0
github.com/venicegeo/pzsvc-image-catalog/cmd/crawl.go:139.23,141.13 2 0
github.com/venicegeo/pzsvc-image-catalog/cmd/crawl.go:143.57,145.5 1 0
github.com/venicegeo/pzsvc-image-catalog/cmd/crawl.go:145.5,147.91 2 0
github.com/venicegeo/pzsvc-image-catalog/cmd/crawl.go:150.5,150.50 1 0
github.com/venicegeo/pzsvc-image-catalog/cmd/crawl.go:147.91,149.6 1 0
github.com/venicegeo/pzsvc-image-catalog/cmd/crawl.go:153.54,155.4 1 0
github.com/venicegeo/pzsvc-image-catalog/cmd/crawl.go:156.30,157.51 1 0
github.com/venicegeo/pzsvc-image-catalog/cmd/crawl.go:160.4,160.42 1 0
github.com/venicegeo/pzsvc-image-catalog/cmd/crawl.go:157.51,159.5 1 0
github.com/venicegeo/pzsvc-image-catalog/cmd/crawl.go:160.42,161.55 1 0
github.com/venicegeo/pzsvc-image-catalog/cmd/crawl.go:164.5,164.60 1 0
github.com/venicegeo/pzsvc-image-catalog/cmd/crawl.go:170.5,170.58 1 0
github.com/venicegeo/pzsvc-image-catalog/cmd/crawl.go:161.55,163.6 1 0
github.com/venicegeo/pzsvc-image-catalog/cmd/crawl.go:164.60,166.6 1 0
github.com/venicegeo/pzsvc-image-catalog/cmd/crawl.go:166.6,166.24 1 0
github.com/venicegeo/pzsvc-image-catalog/cmd/crawl.go:166.24,168.14 2 0
github.com/venicegeo/pzsvc-image-catalog/cmd/crawl.go:170.58,172.6 1 0
github.com/venicegeo/pzsvc-image-catalog/cmd/crawl.go:172.6,174.92 2 0
github.com/venicegeo/pzsvc-image-catalog/cmd/crawl.go:177.6,177.51 1 0
github.com/venicegeo/pzsvc-image-catalog/cmd/crawl.go:174.92,176.7 1 0
github.com/venicegeo/pzsvc-image-catalog/cmd/crawl.go:190.84,198.35 2 0
github.com/venicegeo/pzsvc-image-catalog/cmd/crawl.go:213.2,213.17 1 0
github.com/venicegeo/pzsvc-image-catalog/cmd/crawl.go:198.35,199.78 1 0
github.com/venicegeo/pzsvc-image-catalog/cmd/crawl.go:203.3,203.84 1 0
github.com/venicegeo/pzsvc-image-catalog/cmd/crawl.go:207.3,207.85 1 0
github.com/venicegeo/pzsvc-image-catalog/cmd/crawl.go:211.3,211.32 1 0
github.com/venicegeo/pzsvc-image-catalog/cmd/crawl.go:199.78,202.4 2 0
github.com/venicegeo/pzsvc-image-catalog/cmd/crawl.go:203.84,205.12 2 0
github.com/venicegeo/pzsvc-image-catalog/cmd/crawl.go:207.85,210.4 2 0
github.com/venicegeo/pzsvc-image-catalog/cmd/crawl.go:216.63,223.58 2 0
github.com/venicegeo/pzsvc-image-catalog/cmd/crawl.go:227.2,227.35 1 0
github.com/venicegeo/pzsvc-image-catalog/cmd/crawl.go:255.2,255.17 1 0
github.com/venicegeo/pzsvc-image-catalog/cmd/crawl.go:223.58,226.3 2 0
github.com/venicegeo/pzsvc-image-catalog/cmd/crawl.go:227.35,228.78 1 0
github.com/venicegeo/pzsvc-image-catalog/cmd/crawl.go:233.3,233.74 1 0
github.com/venicegeo/pzsvc-image-catalog/cmd/crawl.go:228.78,231.4 2 0
github.com/venicegeo/pzsvc-image-catalog/cmd/crawl.go:233.74,236.4 2 0
github.com/venicegeo/pzsvc-image-catalog/cmd/crawl.go:236.4,236.23 1 0
github.com/venicegeo/pzsvc-image-catalog/cmd/crawl.go:236.23,238.84 1 0
github.com/venicegeo/pzsvc-image-catalog/cmd/crawl.go:243.4,243.82 1 0
github.com/venicegeo/pzsvc-image-catalog/cmd/crawl.go:247.4,249.77 2 0
github.com/venicegeo/pzsvc-image-catalog/cmd/crawl.go:238.84,241.5 2 0
github.com/venicegeo/pzsvc-image-catalog/cmd/crawl.go:243.82,246.5 2 0
github.com/venicegeo/pzsvc-image-catalog/cmd/crawl.go:249.77,252.5 2 0
github.com/venicegeo/pzsvc-image-catalog/cmd/crawl.go:261.28,263.2 1 0
github.com/venicegeo/pzsvc-image-catalog/cmd/crawl.go:264.33,266.2 1 0
github.com/venicegeo/pzsvc-image-catalog/cmd/crawl.go:267.38,269.2 1 0
github.com/venicegeo/pzsvc-image-catalog/cmd/crawl.go:271.58,289.80 8 0
github.com/venicegeo/pzsvc-image-catalog/cmd/crawl.go:293.2,293.63 1 0
github.com/venicegeo/pzsvc-image-catalog/cmd/crawl.go:301.2,301.18 1 0
github.com/venicegeo/pzsvc-image-catalog/cmd/crawl.go:289.80,292.3 2 0
github.com/venicegeo/pzsvc-image-catalog/cmd/crawl.go:293.63,295.31 2 0
github.com/venicegeo/pzsvc-image-catalog/cmd/crawl.go:295.31,299.4 3 0
github.com/venicegeo/pzsvc-image-catalog/cmd/crawl.go:304.49,312.82 4 0
github.com/venicegeo/pzsvc-image-catalog/cmd/crawl.go:316.2,319.15 4 0
github.com/venicegeo/pzsvc-image-catalog/cmd/crawl.go:312.82,315.3 2 0
github.com/venicegeo/pzsvc-image-catalog/cmd/discover.go:29.73,36.38 2 0
github.com/venicegeo/pzsvc-image-catalog/cmd/discover.go:40.2,40.55 1 0
github.com/venicegeo/pzsvc-image-catalog/cmd/discover.go:44.2,44.50 1 0
github.com/venicegeo/pzsvc-image-catalog/cmd/discover.go:48.2,51.48 1 0
github.com/venicegeo/pzsvc-image-catalog/cmd/discover.go:55.2,55.74 1 0
github.com/venicegeo/pzsvc-image-catalog/cmd/discover.go:36.38,38.3 1 0
github.com/venicegeo/pzsvc-image-catalog/cmd/discover.go:40.55,43.3 2 0
github.com/venicegeo/pzsvc-image-catalog/cmd/discover.go:44.50,47.3 2 0
github.com/venicegeo/pzsvc-image-catalog/cmd/discover.go:51.48,54.3 2 0
github.com/venicegeo/pzsvc-image-catalog/cmd/discover.go:55.74,58.3 2 0
github.com/venicegeo/pzsvc-image-catalog/cmd/discover.go:58.3,60.3 1 0
github.com/venicegeo/pzsvc-image-catalog/cmd/discover.go:63.75,75.88 3 0
github.com/venicegeo/pzsvc-image-catalog/cmd/discover.go:83.2,83.95 1 0
github.com/venicegeo/pzsvc-image-catalog/cmd/discover.go:87.2,92.22 2 0
github.com/venicegeo/pzsvc-image-catalog/cmd/discover.go:75.88,76.15 1 0
github.com/venicegeo/pzsvc-image-catalog/cmd/discover.go:76.15,78.4 1 0
github.com/venicegeo/pzsvc-image-catalog/cmd/discover.go:79.3,81.3 1 0
github.com/venicegeo/pzsvc-image-catalog/cmd/discover.go:83.95,85.3 1 0
github.com/venicegeo/pzsvc-image-catalog/cmd/discover.go:95.69,112.69 3 0
github.com/venicegeo/pzsvc-image-catalog/cmd/discover.go:116.2,116.74 1 0
github.com/venicegeo/pzsvc-image-catalog/cmd/discover.go:123.2,123.83 1 0
github.com/venicegeo/pzsvc-image-catalog/cmd/discover.go:130.2,130.88 1 0
github.com/venicegeo/pzsvc-image-catalog/cmd/discover.go:134.2,134.91 1 0
github.com/venicegeo/pzsvc-image-catalog/cmd/discover.go:138.2,138.88 1 0
github.com/venicegeo/pzsvc-image-catalog/cmd/discover.go:142.2,142.91 1 0
github.com/venicegeo/pzsvc-image-catalog/cmd/discover.go:146.2,146.101 1 0
github.com/venicegeo/pzsvc-image-catalog/cmd/discover.go:150.2,150.69 1 0
github.com/venicegeo/pzsvc-image-catalog/cmd/discover.go:154.2,154.65 1 0
github.com/venicegeo/pzsvc-image-catalog/cmd/discover.go:159.2,159.62 1 0
github.com/venicegeo/pzsvc-image-catalog/cmd/discover.go:162.2,165.71 3 0
github.com/venicegeo/pzsvc-image-catalog/cmd/discover.go:172.2,172.20 1 0
github.com/venicegeo/pzsvc-image-catalog/cmd/discover.go:112.69,114.3 1 0
github.com/venicegeo/pzsvc-image-catalog/cmd/discover.go:116.74,117.66 1 0
github.com/venicegeo/pzsvc-image-catalog/cmd/discover.go:120.3,120.44 1 0
github.com/venicegeo/pzsvc-image-catalog/cmd/discover.go:117.66,119.4 1 0
github.com/venicegeo/pzsvc-image-catalog/cmd/discover.go:123.83,124.69 1 0
github.com/venicegeo/pzsvc-image-catalog/cmd/discover.go:127.3,127.50 1 0
github.com/venicegeo/pzsvc-image-catalog/cmd/discover.go:124.69,126.4 1 0
github.com/venicegeo/pzsvc-image-catalog/cmd/discover.go:130.88,132.3 1 0
github.com/venicegeo/pzsvc-image-catalog/cmd/discover.go:134.91,136.3 1 0
github.com/venicegeo/pzsvc-image-catalog/cmd/discover.go:138.88,140.3 1 0
github.com/venicegeo/pzsvc-image-catalog/cmd/discover.go:142.91,144.3 1 0
github.com/venicegeo/pzsvc-image-catalog/cmd/discover.go:146.101,148.3 1 0
github.com/venicegeo/pzsvc-image-catalog/cmd/discover.go:150.69,152.3 1 0
github.com/venicegeo/pzsvc-image-catalog/cmd/discover.go:154.65,157.3 2 0
github.com/venicegeo/pzsvc-image-catalog/cmd/discover.go:159.62,161.3 1 0
github.com/venicegeo/pzsvc-image-catalog/cmd/discover.go:165.71,166.33 1 0
github.com/venicegeo/pzsvc-image-catalog/cmd/discover.go:166.33,168.4 1 0
github.com/venicegeo/pzsvc-image-catalog/cmd/discover.go:169.3,171.3 1 0
github.com/venicegeo/pzsvc-image-catalog/cmd/harvest.go:37.55,38.29 1 0
github.com/venicegeo/pzsvc-image-catalog/cmd/harvest.go:51.2,51.25 1 0
github.com/venicegeo/pzsvc-image-catalog/cmd/harvest.go:38.29,50.3 11 0
github.com/venicegeo/pzsvc-image-catalog/cmd/harvest.go:54.76,59.38 2 0
github.com/venicegeo/pzsvc-image-catalog/cmd/harvest.go:63.2,64.21 2 0
github.com/venicegeo/pzsvc-image-catalog/cmd/harvest.go:68.2,69.18 2 0
github.com/venicegeo/pzsvc-image-catalog/cmd/harvest.go:74.2,74.63 1 0
github.com/venicegeo/pzsvc-image-catalog/cmd/harvest.go:82.2,82.121 1 0
github.com/venicegeo/pzsvc-image-catalog/cmd/harvest.go:59.38,61.3 1 0
github.com/venicegeo/pzsvc-image-catalog/cmd/harvest.go:64.21,67.3 2 0
github.com/venicegeo/pzsvc-image-catalog/cmd/harvest.go:69.18,73.3 3 0
github.com/venicegeo/pzsvc-image-catalog/cmd/harvest.go:74.63,75.50 1 0
github.com/venicegeo/pzsvc-image-catalog/cmd/harvest.go:80.3,80.9 1 0
github.com/venicegeo/pzsvc-image-catalog/cmd/harvest.go:75.50,77.4 1 0
github.com/venicegeo/pzsvc-image-catalog/cmd/harvest.go:77.4,79.4 1 0
github.com/venicegeo/pzsvc-image-catalog/cmd/harvest.go:82.121,84.3 1 0
github.com/venicegeo/pzsvc-image-catalog/cmd/harvest.go:84.3,86.3 1 0
github.com/venicegeo/pzsvc-image-catalog/cmd/harvest.go:89.74,98.38 2 0
github.com/venicegeo/pzsvc-image-catalog/cmd/harvest.go:102.2,104.63 3 0
github.com/venicegeo/pzsvc-image-catalog/cmd/harvest.go:113.2,113.55 1 0
github.com/venicegeo/pzsvc-image-catalog/cmd/harvest.go:118.2,121.50 3 0
github.com/venicegeo/pzsvc-image-catalog/cmd/harvest.go:125.2,126.48 1 0
github.com/venicegeo/pzsvc-image-catalog/cmd/harvest.go:130.2,130.66 1 0
github.com/venicegeo/pzsvc-image-catalog/cmd/harvest.go:98.38,100.3 1 0
github.com/venicegeo/pzsvc-image-catalog/cmd/harvest.go:104.63,105.50 1 0
github.com/venicegeo/pzsvc-image-catalog/cmd/harvest.go:110.3,110.9 1 0
github.com/venicegeo/pzsvc-image-catalog/cmd/harvest.go:105.50,107.4 1 0
github.com/venicegeo/pzsvc-image-catalog/cmd/harvest.go:107.4,109.4 1 0
github.com/venicegeo/pzsvc-image-catalog/cmd/harvest.go:113.55,116.3 2 0
github.com/venicegeo/pzsvc-image-catalog/cmd/harvest.go:121.50,124.3 2 0
github.com/venicegeo/pzsvc-image-catalog/cmd/harvest.go:126.48,129.3 2 0
github.com/venicegeo/pzsvc-image-catalog/cmd/harvest.go:130.66,131.27 1 0
github.com/venicegeo/pzsvc-image-catalog/cmd/harvest.go:136.3,136.48 1 0
github.com/venicegeo/pzsvc-image-catalog/cmd/harvest.go:144.3,145.90 2 0
github.com/venicegeo/pzsvc-image-catalog/cmd/harvest.go:131.27,133.4 1 0
github.com/venicegeo/pzsvc-image-catalog/cmd/harvest.go:133.4,133.43 1 0
github.com/venicegeo/pzsvc-image-catalog/cmd/harvest.go:133.43,135.4 1 0
github.com/venicegeo/pzsvc-image-catalog/cmd/harvest.go:136.48,137.54 1 0
github.com/venicegeo/pzsvc-image-catalog/cmd/harvest.go:137.54,139.5 1 0
github.com/venicegeo/pzsvc-image-catalog/cmd/harvest.go:139.5,142.5 2 0
github.com/venicegeo/pzsvc-image-catalog/cmd/harvest.go:146.3,148.3 1 0
github.com/venicegeo/pzsvc-image-catalog/cmd/planet.go:29.60,38.63 3 1
github.com/venicegeo/pzsvc-image-catalog/cmd/planet.go:43.2,48.96 3 1
github.com/venicegeo/pzsvc-image-catalog/cmd/planet.go:57.2,57.19 1 0
github.com/venicegeo/pzsvc-image-catalog/cmd/planet.go:66.2,66.58 1 0
github.com/venicegeo/pzsvc-image-catalog/cmd/planet.go:72.2,74.23 3 0
github.com/venicegeo/pzsvc-image-catalog/cmd/planet.go:38.63,41.3 2 0
github.com/venicegeo/pzsvc-image-catalog/cmd/planet.go:48.96,49.50 1 1
github.com/venicegeo/pzsvc-image-catalog/cmd/planet.go:54.3,54.9 1 1
github.com/venicegeo/pzsvc-image-catalog/cmd/planet.go:49.50,51.4 1 1
github.com/venicegeo/pzsvc-image-catalog/cmd/planet.go:51.4,53.4 1 0
github.com/venicegeo/pzsvc-image-catalog/cmd/planet.go:57.19,58.155 1 0
github.com/venicegeo/pzsvc-image-catalog/cmd/planet.go:58.155,60.4 1 0
github.com/venicegeo/pzsvc-image-catalog/cmd/planet.go:60.4,63.4 2 0
github.com/venicegeo/pzsvc-image-catalog/cmd/planet.go:66.58,67.3 0 0
github.com/venicegeo/pzsvc-image-catalog/cmd/planet.go:67.3,70.3 2 0
github.com/venicegeo/pzsvc-image-catalog/cmd/planet.go:74.23,75.85 1 0
github.com/venicegeo/pzsvc-image-catalog/cmd/planet.go:75.85,77.4 1 0
github.com/venicegeo/pzsvc-image-catalog/cmd/planet.go:77.4,79.4 1 0
github.com/venicegeo/pzsvc-image-catalog/cmd/planet.go:92.47,95.3 2 0
github.com/venicegeo/pzsvc-image-catalog/cmd/planet.go:98.69,109.58 4 0
github.com/venicegeo/pzsvc-image-catalog/cmd/planet.go:117.2,117.71 1 0
github.com/venicegeo/pzsvc-image-catalog/cmd/planet.go:123.2,123.96 1 0
github.com/venicegeo/pzsvc-image-catalog/cmd/planet.go:132.2,132.18 1 0
github.com/venicegeo/pzsvc-image-catalog/cmd/planet.go:109.58,110.34 1 0
github.com/venicegeo/pzsvc-image-catalog/cmd/planet.go:115.3,115.9 1 0
github.com/venicegeo/pzsvc-image-catalog/cmd/planet.go:110.34,112.4 1 0
github.com/venicegeo/pzsvc-image-catalog/cmd/planet.go:112.4,114.4 1 0
github.com/venicegeo/pzsvc-image-catalog/cmd/planet.go:117.71,120.3 2 0
github.com/venicegeo/pzsvc-image-catalog/cmd/planet.go:123.96,124.50 1 0
github.com/venicegeo/pzsvc-image-catalog/cmd/planet.go:129.3,129.9 1 0
github.com/venicegeo/pzsvc-image-catalog/cmd/planet.go:124.50,126.4 1 0
github.com/venicegeo/pzsvc-image-catalog/cmd/planet.go:126.4,128.4 1 0
github.com/venicegeo/pzsvc-image-catalog/cmd/planet.go:133.2,138.20 2 0
github.com/venicegeo/pzsvc-image-catalog/cmd/planet.go:147.3,147.59 1 0
github.com/venicegeo/pzsvc-image-catalog/cmd/planet.go:153.3,154.50 2 0
github.com/venicegeo/pzsvc-image-catalog/cmd/planet.go:155.2,156.53 1 0
github.com/venicegeo/pzsvc-image-catalog/cmd/planet.go:161.2,162.84 1 0
github.com/venicegeo/pzsvc-image-catalog/cmd/planet.go:138.20,139.156 1 0
github.com/venicegeo/pzsvc-image-catalog/cmd/planet.go:139.156,141.5 1 0
github.com/venicegeo/pzsvc-image-catalog/cmd/planet.go:141.5,144.5 2 0
github.com/venicegeo/pzsvc-image-catalog/cmd/planet.go:147.59,148.4 0 0
github.com/venicegeo/pzsvc-image-catalog/cmd/planet.go:148.4,151.4 2 0
github.com/venicegeo/pzsvc-image-catalog/cmd/planet.go:156.53,158.4 1 0
github.com/venicegeo/pzsvc-image-catalog/cmd/planet.go:158.4,160.4 1 0
github.com/venicegeo/pzsvc-image-catalog/cmd/planet.go:166.13,168.2 1 1
