mode: set
github.com/venicegeo/geojson-geos-go/geojsongeos/geojsongeos.go:26.45,28.2 1 1
github.com/venicegeo/geojson-geos-go/geojsongeos/geojsongeos.go:29.54,31.40 2 1
github.com/venicegeo/geojson-geos-go/geojsongeos/geojsongeos.go:34.2,34.15 1 1
github.com/venicegeo/geojson-geos-go/geojsongeos/geojsongeos.go:31.40,33.3 1 1
github.com/venicegeo/geojson-geos-go/geojsongeos/geojsongeos.go:38.65,44.28 2 1
github.com/venicegeo/geojson-geos-go/geojsongeos/geojsongeos.go:134.2,134.22 1 1
github.com/venicegeo/geojson-geos-go/geojsongeos/geojsongeos.go:45.2,46.60 1 1
github.com/venicegeo/geojson-geos-go/geojsongeos/geojsongeos.go:47.2,48.73 1 1
github.com/venicegeo/geojson-geos-go/geojsongeos/geojsongeos.go:49.2,52.50 3 1
github.com/venicegeo/geojson-geos-go/geojsongeos/geojsongeos.go:56.3,56.70 1 1
github.com/venicegeo/geojson-geos-go/geojsongeos/geojsongeos.go:57.2,60.50 3 1
github.com/venicegeo/geojson-geos-go/geojsongeos/geojsongeos.go:64.3,64.65 1 1
github.com/venicegeo/geojson-geos-go/geojsongeos/geojsongeos.go:65.2,68.50 3 1
github.com/venicegeo/geojson-geos-go/geojsongeos/geojsongeos.go:72.3,72.75 1 1
github.com/venicegeo/geojson-geos-go/geojsongeos/geojsongeos.go:74.2,78.44 2 1
github.com/venicegeo/geojson-geos-go/geojsongeos/geojsongeos.go:84.3,84.93 1 1
github.com/venicegeo/geojson-geos-go/geojsongeos/geojsongeos.go:88.3,90.23 2 1
github.com/venicegeo/geojson-geos-go/geojsongeos/geojsongeos.go:91.2,98.48 2 1
github.com/venicegeo/geojson-geos-go/geojsongeos/geojsongeos.go:109.3,109.85 1 1
github.com/venicegeo/geojson-geos-go/geojsongeos/geojsongeos.go:112.2,113.38 1 1
github.com/venicegeo/geojson-geos-go/geojsongeos/geojsongeos.go:114.2,118.39 2 1
github.com/venicegeo/geojson-geos-go/geojsongeos/geojsongeos.go:124.3,124.93 1 1
github.com/venicegeo/geojson-geos-go/geojsongeos/geojsongeos.go:128.3,128.23 1 1
github.com/venicegeo/geojson-geos-go/geojsongeos/geojsongeos.go:129.2,130.46 1 1
github.com/venicegeo/geojson-geos-go/geojsongeos/geojsongeos.go:131.2,132.67 1 0
github.com/venicegeo/geojson-geos-go/geojsongeos/geojsongeos.go:52.50,55.4 2 1
github.com/venicegeo/geojson-geos-go/geojsongeos/geojsongeos.go:60.50,63.4 2 1
github.com/venicegeo/geojson-geos-go/geojsongeos/geojsongeos.go:68.50,71.4 2 1
github.com/venicegeo/geojson-geos-go/geojsongeos/geojsongeos.go:78.44,79.63 1 1
github.com/venicegeo/geojson-geos-go/geojsongeos/geojsongeos.go:82.4,82.45 1 1
github.com/venicegeo/geojson-geos-go/geojsongeos/geojsongeos.go:79.63,81.5 1 0
github.com/venicegeo/geojson-geos-go/geojsongeos/geojsongeos.go:84.93,86.4 1 0
github.com/venicegeo/geojson-geos-go/geojsongeos/geojsongeos.go:98.48,100.45 2 1
github.com/venicegeo/geojson-geos-go/geojsongeos/geojsongeos.go:104.4,104.86 1 1
github.com/venicegeo/geojson-geos-go/geojsongeos/geojsongeos.go:107.4,107.40 1 1
github.com/venicegeo/geojson-geos-go/geojsongeos/geojsongeos.go:100.45,103.5 2 1
github.com/venicegeo/geojson-geos-go/geojsongeos/geojsongeos.go:104.86,106.5 1 0
github.com/venicegeo/geojson-geos-go/geojsongeos/geojsongeos.go:109.85,111.4 1 0
github.com/venicegeo/geojson-geos-go/geojsongeos/geojsongeos.go:118.39,119.60 1 1
github.com/venicegeo/geojson-geos-go/geojsongeos/geojsongeos.go:122.4,122.45 1 1
github.com/venicegeo/geojson-geos-go/geojsongeos/geojsongeos.go:119.60,121.5 1 0
github.com/venicegeo/geojson-geos-go/geojsongeos/geojsongeos.go:124.93,126.4 1 0
github.com/venicegeo/geojson-geos-go/geojsongeos/geojsongeos.go:138.65,146.16 3 1
github.com/venicegeo/geojson-geos-go/geojsongeos/geojsongeos.go:273.2,273.20 1 1
github.com/venicegeo/geojson-geos-go/geojsongeos/geojsongeos.go:146.16,147.16 1 1
github.com/venicegeo/geojson-geos-go/geojsongeos/geojsongeos.go:148.3,150.41 2 1
github.com/venicegeo/geojson-geos-go/geojsongeos/geojsongeos.go:153.4,153.41 1 1
github.com/venicegeo/geojson-geos-go/geojsongeos/geojsongeos.go:156.4,156.52 1 1
github.com/venicegeo/geojson-geos-go/geojsongeos/geojsongeos.go:157.3,158.48 1 1
github.com/venicegeo/geojson-geos-go/geojsongeos/geojsongeos.go:161.4,161.59 1 1
github.com/venicegeo/geojson-geos-go/geojsongeos/geojsongeos.go:162.3,168.45 2 1
github.com/venicegeo/geojson-geos-go/geojsongeos/geojsongeos.go:171.4,171.47 1 1
github.com/venicegeo/geojson-geos-go/geojsongeos/geojsongeos.go:174.4,175.46 2 1
github.com/venicegeo/geojson-geos-go/geojsongeos/geojsongeos.go:178.4,178.30 1 1
github.com/venicegeo/geojson-geos-go/geojsongeos/geojsongeos.go:185.4,185.44 1 1
github.com/venicegeo/geojson-geos-go/geojsongeos/geojsongeos.go:186.3,192.50 2 1
github.com/venicegeo/geojson-geos-go/geojsongeos/geojsongeos.go:195.4,195.37 1 1
github.com/venicegeo/geojson-geos-go/geojsongeos/geojsongeos.go:204.4,204.47 1 1
github.com/venicegeo/geojson-geos-go/geojsongeos/geojsongeos.go:205.3,211.50 2 1
github.com/venicegeo/geojson-geos-go/geojsongeos/geojsongeos.go:214.4,214.37 1 1
github.com/venicegeo/geojson-geos-go/geojsongeos/geojsongeos.go:223.4,223.52 1 1
github.com/venicegeo/geojson-geos-go/geojsongeos/geojsongeos.go:225.3,234.50 2 1
github.com/venicegeo/geojson-geos-go/geojsongeos/geojsongeos.go:237.4,237.37 1 1
github.com/venicegeo/geojson-geos-go/geojsongeos/geojsongeos.go:247.4,247.49 1 1
github.com/venicegeo/geojson-geos-go/geojsongeos/geojsongeos.go:248.3,255.50 2 1
github.com/venicegeo/geojson-geos-go/geojsongeos/geojsongeos.go:258.4,258.37 1 1
github.com/venicegeo/geojson-geos-go/geojsongeos/geojsongeos.go:267.4,267.54 1 1
github.com/venicegeo/geojson-geos-go/geojsongeos/geojsongeos.go:268.3,269.47 1 0
github.com/venicegeo/geojson-geos-go/geojsongeos/geojsongeos.go:150.41,152.5 1 0
github.com/venicegeo/geojson-geos-go/geojsongeos/geojsongeos.go:153.41,155.5 1 0
github.com/venicegeo/geojson-geos-go/geojsongeos/geojsongeos.go:158.48,160.5 1 0
github.com/venicegeo/geojson-geos-go/geojsongeos/geojsongeos.go:168.45,170.5 1 0
github.com/venicegeo/geojson-geos-go/geojsongeos/geojsongeos.go:171.47,173.5 1 0
github.com/venicegeo/geojson-geos-go/geojsongeos/geojsongeos.go:175.46,177.5 1 0
github.com/venicegeo/geojson-geos-go/geojsongeos/geojsongeos.go:178.30,180.48 1 1
github.com/venicegeo/geojson-geos-go/geojsongeos/geojsongeos.go:183.5,183.63 1 1
github.com/venicegeo/geojson-geos-go/geojsongeos/geojsongeos.go:180.48,182.6 1 0
github.com/venicegeo/geojson-geos-go/geojsongeos/geojsongeos.go:192.50,194.5 1 0
github.com/venicegeo/geojson-geos-go/geojsongeos/geojsongeos.go:195.37,196.58 1 1
github.com/venicegeo/geojson-geos-go/geojsongeos/geojsongeos.go:199.5,199.54 1 1
github.com/venicegeo/geojson-geos-go/geojsongeos/geojsongeos.go:202.5,202.63 1 1
github.com/venicegeo/geojson-geos-go/geojsongeos/geojsongeos.go:196.58,198.6 1 0
github.com/venicegeo/geojson-geos-go/geojsongeos/geojsongeos.go:199.54,201.6 1 0
github.com/venicegeo/geojson-geos-go/geojsongeos/geojsongeos.go:211.50,213.5 1 0
github.com/venicegeo/geojson-geos-go/geojsongeos/geojsongeos.go:214.37,215.58 1 1
github.com/venicegeo/geojson-geos-go/geojsongeos/geojsongeos.go:218.5,218.54 1 1
github.com/venicegeo/geojson-geos-go/geojsongeos/geojsongeos.go:221.5,221.63 1 1
github.com/venicegeo/geojson-geos-go/geojsongeos/geojsongeos.go:215.58,217.6 1 0
github.com/venicegeo/geojson-geos-go/geojsongeos/geojsongeos.go:218.54,220.6 1 0
github.com/venicegeo/geojson-geos-go/geojsongeos/geojsongeos.go:234.50,236.5 1 0
github.com/venicegeo/geojson-geos-go/geojsongeos/geojsongeos.go:237.37,238.55 1 1
github.com/venicegeo/geojson-geos-go/geojsongeos/geojsongeos.go:241.5,242.59 2 1
github.com/venicegeo/geojson-geos-go/geojsongeos/geojsongeos.go:245.5,245.61 1 1
github.com/venicegeo/geojson-geos-go/geojsongeos/geojsongeos.go:238.55,240.6 1 0
github.com/venicegeo/geojson-geos-go/geojsongeos/geojsongeos.go:242.59,244.6 1 0
github.com/venicegeo/geojson-geos-go/geojsongeos/geojsongeos.go:255.50,257.5 1 0
github.com/venicegeo/geojson-geos-go/geojsongeos/geojsongeos.go:258.37,259.55 1 1
github.com/venicegeo/geojson-geos-go/geojsongeos/geojsongeos.go:262.5,262.64 1 1
github.com/venicegeo/geojson-geos-go/geojsongeos/geojsongeos.go:265.5,265.49 1 1
github.com/venicegeo/geojson-geos-go/geojsongeos/geojsongeos.go:259.55,261.6 1 0
github.com/venicegeo/geojson-geos-go/geojsongeos/geojsongeos.go:262.64,264.6 1 0
github.com/venicegeo/geojson-geos-go/geojsongeos/geojsongeos.go:276.54,278.40 2 1
github.com/venicegeo/geojson-geos-go/geojsongeos/geojsongeos.go:282.2,282.15 1 1
github.com/venicegeo/geojson-geos-go/geojsongeos/geojsongeos.go:278.40,281.3 2 1
github.com/venicegeo/geojson-geos-go/geojsongeos/geojsongeos.go:285.52,290.2 4 1
github.com/venicegeo/geojson-geos-go/geojsongeos/geojsongeos.go:293.63,299.52 2 1
github.com/venicegeo/geojson-geos-go/geojsongeos/geojsongeos.go:302.2,302.82 1 1
github.com/venicegeo/geojson-geos-go/geojsongeos/geojsongeos.go:305.2,305.24 1 1
github.com/venicegeo/geojson-geos-go/geojsongeos/geojsongeos.go:299.52,301.3 1 0
github.com/venicegeo/geojson-geos-go/geojsongeos/geojsongeos.go:302.82,304.3 1 0
github.com/venicegeo/geojson-geos-go/geojsongeos/geojsongeos.go:309.68,318.46 2 1
github.com/venicegeo/geojson-geos-go/geojsongeos/geojsongeos.go:321.2,321.18 1 1
github.com/venicegeo/geojson-geos-go/geojsongeos/geojsongeos.go:371.2,371.20 1 1
github.com/venicegeo/geojson-geos-go/geojsongeos/geojsongeos.go:318.46,320.3 1 0
github.com/venicegeo/geojson-geos-go/geojsongeos/geojsongeos.go:322.2,323.49 1 1
github.com/venicegeo/geojson-geos-go/geojsongeos/geojsongeos.go:326.3,326.36 1 1
github.com/venicegeo/geojson-geos-go/geojsongeos/geojsongeos.go:335.2,340.44 2 1
github.com/venicegeo/geojson-geos-go/geojsongeos/geojsongeos.go:343.3,343.56 1 1
github.com/venicegeo/geojson-geos-go/geojsongeos/geojsongeos.go:346.3,347.45 2 1
github.com/venicegeo/geojson-geos-go/geojsongeos/geojsongeos.go:350.3,350.29 1 1
github.com/venicegeo/geojson-geos-go/geojsongeos/geojsongeos.go:356.2,357.33 1 1
github.com/venicegeo/geojson-geos-go/geojsongeos/geojsongeos.go:358.2,359.46 1 1
github.com/venicegeo/geojson-geos-go/geojsongeos/geojsongeos.go:362.3,362.36 1 1
github.com/venicegeo/geojson-geos-go/geojsongeos/geojsongeos.go:368.2,369.86 1 0
github.com/venicegeo/geojson-geos-go/geojsongeos/geojsongeos.go:323.49,325.4 1 0
github.com/venicegeo/geojson-geos-go/geojsongeos/geojsongeos.go:326.36,327.51 1 1
github.com/venicegeo/geojson-geos-go/geojsongeos/geojsongeos.go:330.4,330.57 1 1
github.com/venicegeo/geojson-geos-go/geojsongeos/geojsongeos.go:333.4,333.42 1 1
github.com/venicegeo/geojson-geos-go/geojsongeos/geojsongeos.go:327.51,329.5 1 0
github.com/venicegeo/geojson-geos-go/geojsongeos/geojsongeos.go:330.57,332.5 1 0
github.com/venicegeo/geojson-geos-go/geojsongeos/geojsongeos.go:340.44,342.4 1 0
github.com/venicegeo/geojson-geos-go/geojsongeos/geojsongeos.go:343.56,345.4 1 0
github.com/venicegeo/geojson-geos-go/geojsongeos/geojsongeos.go:347.45,349.4 1 0
github.com/venicegeo/geojson-geos-go/geojsongeos/geojsongeos.go:350.29,351.57 1 1
github.com/venicegeo/geojson-geos-go/geojsongeos/geojsongeos.go:354.4,354.42 1 1
github.com/venicegeo/geojson-geos-go/geojsongeos/geojsongeos.go:351.57,353.5 1 0
github.com/venicegeo/geojson-geos-go/geojsongeos/geojsongeos.go:359.46,361.4 1 0
github.com/venicegeo/geojson-geos-go/geojsongeos/geojsongeos.go:362.36,363.48 1 1
github.com/venicegeo/geojson-geos-go/geojsongeos/geojsongeos.go:366.4,366.33 1 1
github.com/venicegeo/geojson-geos-go/geojsongeos/geojsongeos.go:363.48,365.5 1 0
